<?xml version="1.0" encoding="UTF-8"?>
<testsuites name="PenugasanSubmit(PickUpUnit)" time="151.618" tests="3" failures="0" errors="0">
   <testsuite name="PenugasanSubmit(PickUpUnit)" tests="3" failures="0" errors="0" time="151.618" skipped="0" timestamp="2023-07-20 08:42:24" hostname="User - BHAGAS-PKP" id="Test Suites/APKDEV(FMUI)/Penugasan(RegulerOrTimsus)/PenugasanSubmit(PickUpUnit)">
      <properties>
         <property name="deviceName" value="Xiaomi M2103K19PG (Android 12)"/>
         <property name="devicePlatform" value=""/>
         <property name="logFolder" value="C:\\Users\\User\\Katalon Studio\\Spartan Gym Test\\Reports\\20230720_084207\\APKDEV(FMUI)\\Penugasan(RegulerOrTimsus)\\PenugasanSubmit(PickUpUnit)\\20230720_084207"/>
         <property name="logFiles" value="C:\\Users\\User\\Katalon Studio\\Spartan Gym Test\\Reports\\20230720_084207\\APKDEV(FMUI)\\Penugasan(RegulerOrTimsus)\\PenugasanSubmit(PickUpUnit)\\20230720_084207\\appium.log, C:\\Users\\User\\Katalon Studio\\Spartan Gym Test\\Reports\\20230720_084207\\APKDEV(FMUI)\\Penugasan(RegulerOrTimsus)\\PenugasanSubmit(PickUpUnit)\\20230720_084207\\execution0.log"/>
         <property name="attachments" value=""/>
         <property name="hostName" value="User - BHAGAS-PKP"/>
         <property name="os" value="Windows 10 64bit"/>
         <property name="appiumServerStatus" value="{&quot;value&quot;:{&quot;build&quot;:{&quot;version&quot;:&quot;1.22.0&quot;}},&quot;sessionId&quot;:null,&quot;status&quot;:0}"/>
         <property name="katalonVersion" value="8.6.0.208"/>
         <property name="deviceOS" value="Android"/>
         <property name="appiumVersion" value="1.22.0"/>
         <property name="deviceModel" value="M2103K19PG"/>
         <property name="hostAddress" value="10.30.6.105"/>
         <property name="deviceManufacturer" value="Xiaomi"/>
         <property name="deviceId" value="aihykrce5lrgzhxg"/>
         <property name="deviceName" value="Xiaomi M2103K19PG (Android 12)"/>
         <property name="deviceOSVersion" value="12"/>
      </properties>
      <testcase name="Test Cases/APKDEV(FMUI)/Penugasan/PenugasanSyncTask" time="42.947" classname="Test Cases/APKDEV(FMUI)/Penugasan/PenugasanSyncTask" status="PASSED">
         <system-out><![CDATA[2023-07-20 08:42:25 - [TEST_CASE][PASSED] - Test Cases/APKDEV(FMUI)/Penugasan/PenugasanSyncTask: Test Cases/APKDEV(FMUI)/Penugasan/PenugasanSyncTask

2023-07-20 08:42:26 - [TEST_STEP][PASSED] - startExistingApplication("pkp.mobile.fmui"): Starting app with application ID: 'pkp.mobile.fmui'

2023-07-20 08:42:28 - [MESSAGE][INFO] - Detected NodeJS location: "C:\Program Files\nodejs\node.exe"

2023-07-20 08:42:32 - [MESSAGE][INFO] - Appium server started on port 61,297

2023-07-20 08:42:58 - [MESSAGE][PASSED] - Starting app with application ID: 'pkp.mobile.fmui'

2023-07-20 08:42:58 - [TEST_STEP][PASSED] - tap(findTestObject("androidButtons/FMUI(DEV)/homePage/androidButtonProfile"), 0): Tapped on element 'Object Repository/androidButtons/FMUI(DEV)/homePage/androidButtonProfile'

2023-07-20 08:42:58 - [MESSAGE][WARNING] - Timeout '0' is invalid. Using default page load timeout: '120'

2023-07-20 08:42:59 - [MESSAGE][PASSED] - Tapped on element 'Object Repository/androidButtons/FMUI(DEV)/homePage/androidButtonProfile'

2023-07-20 08:42:59 - [TEST_STEP][PASSED] - verifyElementVisible(findTestObject("android.Page.ProfileView"), 0): Element 'Object Repository/android.Page.ProfileView' is visible

2023-07-20 08:42:59 - [MESSAGE][WARNING] - Timeout '0' is invalid. Using default page load timeout: '120'

2023-07-20 08:43:00 - [MESSAGE][PASSED] - Element 'Object Repository/android.Page.ProfileView' is visible

2023-07-20 08:43:00 - [TEST_STEP][PASSED] - tap(findTestObject("androidButtons/FMUI(DEV)/profilePage/android.profilePage.ButtonSyncTask"), 0): Tapped on element 'Object Repository/androidButtons/FMUI(DEV)/profilePage/android.profilePage.ButtonSyncTask'

2023-07-20 08:43:00 - [MESSAGE][WARNING] - Timeout '0' is invalid. Using default page load timeout: '120'

2023-07-20 08:43:02 - [MESSAGE][PASSED] - Tapped on element 'Object Repository/androidButtons/FMUI(DEV)/profilePage/android.profilePage.ButtonSyncTask'

2023-07-20 08:43:02 - [TEST_STEP][PASSED] - delay(5, STOP_ON_FAILURE): Delayed 5 second(s)

2023-07-20 08:43:07 - [MESSAGE][PASSED] - Delayed 5 second(s)]]></system-out>
         <system-err><![CDATA[]]></system-err>
      </testcase>
      <testcase name="Test Cases/APKDEV(FMUI)/Penugasan/Penugasan_SampaiDraft" time="24.762" classname="Test Cases/APKDEV(FMUI)/Penugasan/Penugasan_SampaiDraft" status="PASSED">
         <system-out><![CDATA[2023-07-20 08:43:07 - [TEST_CASE][PASSED] - Test Cases/APKDEV(FMUI)/Penugasan/Penugasan_SampaiDraft: Test Cases/APKDEV(FMUI)/Penugasan/Penugasan_SampaiDraft

2023-07-20 08:43:08 - [TEST_STEP][PASSED] - delay(2, STOP_ON_FAILURE): Delayed 2 second(s)

2023-07-20 08:43:10 - [MESSAGE][PASSED] - Delayed 2 second(s)

2023-07-20 08:43:10 - [TEST_STEP][PASSED] - verifyElementVisible(findTestObject("android.Page.ProfileView"), 3): Element 'Object Repository/android.Page.ProfileView' is visible

2023-07-20 08:43:10 - [MESSAGE][PASSED] - Element 'Object Repository/android.Page.ProfileView' is visible

2023-07-20 08:43:10 - [TEST_STEP][PASSED] - delay(5, STOP_ON_FAILURE): Delayed 5 second(s)

2023-07-20 08:43:16 - [MESSAGE][PASSED] - Delayed 5 second(s)

2023-07-20 08:43:16 - [TEST_STEP][PASSED] - tap(findTestObject("androidButtonMenu"), 0): Tapped on element 'Object Repository/androidButtonMenu'

2023-07-20 08:43:16 - [MESSAGE][WARNING] - Timeout '0' is invalid. Using default page load timeout: '120'

2023-07-20 08:43:17 - [MESSAGE][PASSED] - Tapped on element 'Object Repository/androidButtonMenu'

2023-07-20 08:43:17 - [TEST_STEP][PASSED] - tap(findTestObject("androidButtons/FMUI(DEV)/menuPage/android.menuPage.Button.Penugasan"), 0): Tapped on element 'Object Repository/androidButtons/FMUI(DEV)/menuPage/android.menuPage.Button.Penugasan'

2023-07-20 08:43:17 - [MESSAGE][WARNING] - Timeout '0' is invalid. Using default page load timeout: '120'

2023-07-20 08:43:19 - [MESSAGE][PASSED] - Tapped on element 'Object Repository/androidButtons/FMUI(DEV)/menuPage/android.menuPage.Button.Penugasan'

2023-07-20 08:43:19 - [TEST_STEP][PASSED] - tap(findTestObject("androidButtons/FMUI(DEV)/penugasanPage/android.Penugasan.Button.cardPenugasan"), 0): Tapped on element 'Object Repository/androidButtons/FMUI(DEV)/penugasanPage/android.Penugasan.Button.cardPenugasan'

2023-07-20 08:43:19 - [MESSAGE][WARNING] - Timeout '0' is invalid. Using default page load timeout: '120'

2023-07-20 08:43:20 - [MESSAGE][PASSED] - Tapped on element 'Object Repository/androidButtons/FMUI(DEV)/penugasanPage/android.Penugasan.Button.cardPenugasan'

2023-07-20 08:43:20 - [TEST_STEP][PASSED] - tap(findTestObject("androidButtons/FMUI(DEV)/penugasanPage/android.Penugasan.Button.Selanjutnya"), 0): Tapped on element 'Object Repository/androidButtons/FMUI(DEV)/penugasanPage/android.Penugasan.Button.Selanjutnya'

2023-07-20 08:43:21 - [MESSAGE][WARNING] - Timeout '0' is invalid. Using default page load timeout: '120'

2023-07-20 08:43:23 - [MESSAGE][PASSED] - Tapped on element 'Object Repository/androidButtons/FMUI(DEV)/penugasanPage/android.Penugasan.Button.Selanjutnya'

2023-07-20 08:43:23 - [TEST_STEP][PASSED] - delay(2, STOP_ON_FAILURE): Delayed 2 second(s)

2023-07-20 08:43:25 - [MESSAGE][PASSED] - Delayed 2 second(s)

2023-07-20 08:43:25 - [TEST_STEP][PASSED] - swipe(0, 1926, 0, 1472): Swiped from 0,1,926 to 0,1,472

2023-07-20 08:43:26 - [MESSAGE][PASSED] - Swiped from 0,1,926 to 0,1,472

2023-07-20 08:43:26 - [TEST_STEP][PASSED] - verifyElementExist(findTestObject("androidButtons/FMUI(DEV)/penugasanPage/android.Penugasan.Button.selanjutnyaInformasi"), 3): Element 'Object Repository/androidButtons/FMUI(DEV)/penugasanPage/android.Penugasan.Button.selanjutnyaInformasi' is exist

2023-07-20 08:43:27 - [MESSAGE][PASSED] - Element 'Object Repository/androidButtons/FMUI(DEV)/penugasanPage/android.Penugasan.Button.selanjutnyaInformasi' is exist

2023-07-20 08:43:27 - [TEST_STEP][PASSED] - tap(findTestObject("androidButtons/FMUI(DEV)/penugasanPage/android.Penugasan.Button.selanjutnyaInformasi"), 0): Tapped on element 'Object Repository/androidButtons/FMUI(DEV)/penugasanPage/android.Penugasan.Button.selanjutnyaInformasi'

2023-07-20 08:43:27 - [MESSAGE][WARNING] - Timeout '0' is invalid. Using default page load timeout: '120'

2023-07-20 08:43:27 - [MESSAGE][PASSED] - Tapped on element 'Object Repository/androidButtons/FMUI(DEV)/penugasanPage/android.Penugasan.Button.selanjutnyaInformasi'

2023-07-20 08:43:27 - [TEST_STEP][PASSED] - tap(findTestObject("androidButtons/FMUI(DEV)/penugasanPage/android.Penugasan.Button.back(PojokKananAtas)"), 0): Tapped on element 'Object Repository/androidButtons/FMUI(DEV)/penugasanPage/android.Penugasan.Button.back(PojokKananAtas)'

2023-07-20 08:43:28 - [MESSAGE][WARNING] - Timeout '0' is invalid. Using default page load timeout: '120'

2023-07-20 08:43:30 - [MESSAGE][PASSED] - Tapped on element 'Object Repository/androidButtons/FMUI(DEV)/penugasanPage/android.Penugasan.Button.back(PojokKananAtas)'

2023-07-20 08:43:30 - [TEST_STEP][PASSED] - tap(findTestObject("androidButtons/FMUI(DEV)/penugasanPage/android.Penugasan.Button.back(PojokKananAtas)"), 0): Tapped on element 'Object Repository/androidButtons/FMUI(DEV)/penugasanPage/android.Penugasan.Button.back(PojokKananAtas)'

2023-07-20 08:43:30 - [MESSAGE][WARNING] - Timeout '0' is invalid. Using default page load timeout: '120'

2023-07-20 08:43:31 - [MESSAGE][PASSED] - Tapped on element 'Object Repository/androidButtons/FMUI(DEV)/penugasanPage/android.Penugasan.Button.back(PojokKananAtas)'

2023-07-20 08:43:31 - [TEST_STEP][PASSED] - tap(findTestObject("androidButtons/FMUI(DEV)/penugasanPage/android.Penugasan.popUpPage.yesButton"), 0): Tapped on element 'Object Repository/androidButtons/FMUI(DEV)/penugasanPage/android.Penugasan.popUpPage.yesButton'

2023-07-20 08:43:31 - [MESSAGE][WARNING] - Timeout '0' is invalid. Using default page load timeout: '120'

2023-07-20 08:43:32 - [MESSAGE][PASSED] - Tapped on element 'Object Repository/androidButtons/FMUI(DEV)/penugasanPage/android.Penugasan.popUpPage.yesButton']]></system-out>
         <system-err><![CDATA[]]></system-err>
      </testcase>
      <testcase name="Test Cases/APKDEV(FMUI)/Penugasan/PenugasanTimsusOrReguler_PenyerahanUnitSukarela" time="83.102" classname="Test Cases/APKDEV(FMUI)/Penugasan/PenugasanTimsusOrReguler_PenyerahanUnitSukarela" status="PASSED">
         <system-out><![CDATA[2023-07-20 08:43:32 - [TEST_CASE][PASSED] - Test Cases/APKDEV(FMUI)/Penugasan/PenugasanTimsusOrReguler_PenyerahanUnitSukarela: Test Cases/APKDEV(FMUI)/Penugasan/PenugasanTimsusOrReguler_PenyerahanUnitSukarela

2023-07-20 08:43:33 - [TEST_STEP][PASSED] - delay(2, STOP_ON_FAILURE): Delayed 2 second(s)

2023-07-20 08:43:35 - [MESSAGE][PASSED] - Delayed 2 second(s)

2023-07-20 08:43:35 - [TEST_STEP][PASSED] - tap(findTestObject("androidButtons/FMUI(DEV)/penugasanPage/android.Penugasan.Button.Selanjutnya"), 0): Tapped on element 'Object Repository/androidButtons/FMUI(DEV)/penugasanPage/android.Penugasan.Button.Selanjutnya'

2023-07-20 08:43:35 - [MESSAGE][WARNING] - Timeout '0' is invalid. Using default page load timeout: '120'

2023-07-20 08:43:38 - [MESSAGE][PASSED] - Tapped on element 'Object Repository/androidButtons/FMUI(DEV)/penugasanPage/android.Penugasan.Button.Selanjutnya'

2023-07-20 08:43:38 - [TEST_STEP][PASSED] - delay(2, STOP_ON_FAILURE): Delayed 2 second(s)

2023-07-20 08:43:40 - [MESSAGE][PASSED] - Delayed 2 second(s)

2023-07-20 08:43:40 - [TEST_STEP][PASSED] - swipe(0, 1926, 0, 1472): Swiped from 0,1,926 to 0,1,472

2023-07-20 08:43:41 - [MESSAGE][PASSED] - Swiped from 0,1,926 to 0,1,472

2023-07-20 08:43:41 - [TEST_STEP][PASSED] - delay(1, STOP_ON_FAILURE): Delayed 1 second(s)

2023-07-20 08:43:42 - [MESSAGE][PASSED] - Delayed 1 second(s)

2023-07-20 08:43:42 - [TEST_STEP][PASSED] - tap(findTestObject("androidButtons/FMUI(DEV)/penugasanPage/android.Penugasan.Button.selanjutnyaInformasi"), 0): Tapped on element 'Object Repository/androidButtons/FMUI(DEV)/penugasanPage/android.Penugasan.Button.selanjutnyaInformasi'

2023-07-20 08:43:42 - [MESSAGE][WARNING] - Timeout '0' is invalid. Using default page load timeout: '120'

2023-07-20 08:43:43 - [MESSAGE][PASSED] - Tapped on element 'Object Repository/androidButtons/FMUI(DEV)/penugasanPage/android.Penugasan.Button.selanjutnyaInformasi'

2023-07-20 08:43:43 - [TEST_STEP][PASSED] - tap(findTestObject("Object Repository/androidButtons/FMUI(DEV)/penugasanPage/android.Penugasan.Button.Question1"), 0): Tapped on element 'Object Repository/androidButtons/FMUI(DEV)/penugasanPage/android.Penugasan.Button.Question1'

2023-07-20 08:43:43 - [MESSAGE][WARNING] - Timeout '0' is invalid. Using default page load timeout: '120'

2023-07-20 08:43:45 - [MESSAGE][PASSED] - Tapped on element 'Object Repository/androidButtons/FMUI(DEV)/penugasanPage/android.Penugasan.Button.Question1'

2023-07-20 08:43:45 - [TEST_STEP][PASSED] - tap(findTestObject("Object Repository/androidButtons/FMUI(DEV)/penugasanPage/android.Penugasan.DDL1.List1"), 0): Tapped on element 'Object Repository/androidButtons/FMUI(DEV)/penugasanPage/android.Penugasan.DDL1.List1'

2023-07-20 08:43:45 - [MESSAGE][WARNING] - Timeout '0' is invalid. Using default page load timeout: '120'

2023-07-20 08:43:46 - [MESSAGE][PASSED] - Tapped on element 'Object Repository/androidButtons/FMUI(DEV)/penugasanPage/android.Penugasan.DDL1.List1'

2023-07-20 08:43:46 - [TEST_STEP][PASSED] - tap(findTestObject("Object Repository/androidButtons/FMUI(DEV)/penugasanPage/android.Penugasan.Button.Question2"), 0): Tapped on element 'Object Repository/androidButtons/FMUI(DEV)/penugasanPage/android.Penugasan.Button.Question2'

2023-07-20 08:43:46 - [MESSAGE][WARNING] - Timeout '0' is invalid. Using default page load timeout: '120'

2023-07-20 08:43:48 - [MESSAGE][PASSED] - Tapped on element 'Object Repository/androidButtons/FMUI(DEV)/penugasanPage/android.Penugasan.Button.Question2'

2023-07-20 08:43:48 - [TEST_STEP][PASSED] - tap(findTestObject("Object Repository/androidButtons/FMUI(DEV)/penugasanPage/android.Penugasan.DDL2.List1"), 0): Tapped on element 'Object Repository/androidButtons/FMUI(DEV)/penugasanPage/android.Penugasan.DDL2.List1'

2023-07-20 08:43:48 - [MESSAGE][WARNING] - Timeout '0' is invalid. Using default page load timeout: '120'

2023-07-20 08:43:49 - [MESSAGE][PASSED] - Tapped on element 'Object Repository/androidButtons/FMUI(DEV)/penugasanPage/android.Penugasan.DDL2.List1'

2023-07-20 08:43:49 - [TEST_STEP][PASSED] - tap(findTestObject("Object Repository/androidButtons/FMUI(DEV)/penugasanPage/android.Penugasan.Button.Question3"), 0): Tapped on element 'Object Repository/androidButtons/FMUI(DEV)/penugasanPage/android.Penugasan.Button.Question3'

2023-07-20 08:43:49 - [MESSAGE][WARNING] - Timeout '0' is invalid. Using default page load timeout: '120'

2023-07-20 08:43:51 - [MESSAGE][PASSED] - Tapped on element 'Object Repository/androidButtons/FMUI(DEV)/penugasanPage/android.Penugasan.Button.Question3'

2023-07-20 08:43:51 - [TEST_STEP][PASSED] - tap(findTestObject("Object Repository/androidButtons/FMUI(DEV)/penugasanPage/android.Penugasan.DDL3.List1"), 0): Tapped on element 'Object Repository/androidButtons/FMUI(DEV)/penugasanPage/android.Penugasan.DDL3.List1'

2023-07-20 08:43:51 - [MESSAGE][WARNING] - Timeout '0' is invalid. Using default page load timeout: '120'

2023-07-20 08:43:52 - [MESSAGE][PASSED] - Tapped on element 'Object Repository/androidButtons/FMUI(DEV)/penugasanPage/android.Penugasan.DDL3.List1'

2023-07-20 08:43:52 - [TEST_STEP][PASSED] - tap(findTestObject("Object Repository/TESTPENUGASAN/android.Penugasan.Button.Question4"), 0): Tapped on element 'Object Repository/TESTPENUGASAN/android.Penugasan.Button.Question4'

2023-07-20 08:43:52 - [MESSAGE][WARNING] - Timeout '0' is invalid. Using default page load timeout: '120'

2023-07-20 08:43:54 - [MESSAGE][PASSED] - Tapped on element 'Object Repository/TESTPENUGASAN/android.Penugasan.Button.Question4'

2023-07-20 08:43:54 - [TEST_STEP][PASSED] - tap(findTestObject("Object Repository/TESTPENUGASAN/android.Penugasan.Button.Question4.DDL3(PU)"), 0): Tapped on element 'Object Repository/TESTPENUGASAN/android.Penugasan.Button.Question4.DDL3(PU)'

2023-07-20 08:43:54 - [MESSAGE][WARNING] - Timeout '0' is invalid. Using default page load timeout: '120'

2023-07-20 08:43:55 - [MESSAGE][PASSED] - Tapped on element 'Object Repository/TESTPENUGASAN/android.Penugasan.Button.Question4.DDL3(PU)'

2023-07-20 08:43:55 - [TEST_STEP][PASSED] - delay(2, STOP_ON_FAILURE): Delayed 2 second(s)

2023-07-20 08:43:57 - [MESSAGE][PASSED] - Delayed 2 second(s)

2023-07-20 08:43:57 - [TEST_STEP][PASSED] - swipe(0, 2100, 0, 1730): Swiped from 0,2,100 to 0,1,730

2023-07-20 08:43:58 - [MESSAGE][PASSED] - Swiped from 0,2,100 to 0,1,730

2023-07-20 08:43:58 - [TEST_STEP][PASSED] - delay(2, STOP_ON_FAILURE): Delayed 2 second(s)

2023-07-20 08:44:00 - [MESSAGE][PASSED] - Delayed 2 second(s)

2023-07-20 08:44:00 - [TEST_STEP][PASSED] - delay(2, STOP_ON_FAILURE): Delayed 2 second(s)

2023-07-20 08:44:02 - [MESSAGE][PASSED] - Delayed 2 second(s)

2023-07-20 08:44:02 - [TEST_STEP][PASSED] - tap(findTestObject("Object Repository/TESTPENUGASAN/android.Penugasan.Button.Question5(PU)"), 0): Tapped on element 'Object Repository/TESTPENUGASAN/android.Penugasan.Button.Question5(PU)'

2023-07-20 08:44:03 - [MESSAGE][WARNING] - Timeout '0' is invalid. Using default page load timeout: '120'

2023-07-20 08:44:04 - [MESSAGE][PASSED] - Tapped on element 'Object Repository/TESTPENUGASAN/android.Penugasan.Button.Question5(PU)'

2023-07-20 08:44:04 - [TEST_STEP][PASSED] - tap(findTestObject("Object Repository/TESTPENUGASAN/android.Penugasan.Button.Question5.DDL1(PU)"), 0): Tapped on element 'Object Repository/TESTPENUGASAN/android.Penugasan.Button.Question5.DDL1(PU)'

2023-07-20 08:44:04 - [MESSAGE][WARNING] - Timeout '0' is invalid. Using default page load timeout: '120'

2023-07-20 08:44:06 - [MESSAGE][PASSED] - Tapped on element 'Object Repository/TESTPENUGASAN/android.Penugasan.Button.Question5.DDL1(PU)'

2023-07-20 08:44:06 - [TEST_STEP][PASSED] - delay(2, STOP_ON_FAILURE): Delayed 2 second(s)

2023-07-20 08:44:08 - [MESSAGE][PASSED] - Delayed 2 second(s)

2023-07-20 08:44:08 - [TEST_STEP][PASSED] - tap(findTestObject("Object Repository/TESTPENUGASAN/android.Penugasan.Button.Question6(PU)"), 0): Tapped on element 'Object Repository/TESTPENUGASAN/android.Penugasan.Button.Question6(PU)'

2023-07-20 08:44:08 - [MESSAGE][WARNING] - Timeout '0' is invalid. Using default page load timeout: '120'

2023-07-20 08:44:09 - [MESSAGE][PASSED] - Tapped on element 'Object Repository/TESTPENUGASAN/android.Penugasan.Button.Question6(PU)'

2023-07-20 08:44:09 - [TEST_STEP][PASSED] - tap(findTestObject("androidButtons/FMUI(DEV)/penugasanPage/android.Penugasan.Button.OKDatePicker.Question6"), 0): Tapped on element 'Object Repository/androidButtons/FMUI(DEV)/penugasanPage/android.Penugasan.Button.OKDatePicker.Question6'

2023-07-20 08:44:09 - [MESSAGE][WARNING] - Timeout '0' is invalid. Using default page load timeout: '120'

2023-07-20 08:44:11 - [MESSAGE][PASSED] - Tapped on element 'Object Repository/androidButtons/FMUI(DEV)/penugasanPage/android.Penugasan.Button.OKDatePicker.Question6'

2023-07-20 08:44:11 - [TEST_STEP][PASSED] - delay(2, STOP_ON_FAILURE): Delayed 2 second(s)

2023-07-20 08:44:13 - [MESSAGE][PASSED] - Delayed 2 second(s)

2023-07-20 08:44:13 - [TEST_STEP][PASSED] - tap(findTestObject("Object Repository/TESTPENUGASAN/android.Penugasan.Button.Question7(PU)"), 0): Tapped on element 'Object Repository/TESTPENUGASAN/android.Penugasan.Button.Question7(PU)'

2023-07-20 08:44:13 - [MESSAGE][WARNING] - Timeout '0' is invalid. Using default page load timeout: '120'

2023-07-20 08:44:14 - [MESSAGE][PASSED] - Tapped on element 'Object Repository/TESTPENUGASAN/android.Penugasan.Button.Question7(PU)'

2023-07-20 08:44:14 - [TEST_STEP][PASSED] - tap(findTestObject("Object Repository/TESTPENUGASAN/android.Penugasan.Button.Question7.DDL1(PU)"), 0): Tapped on element 'Object Repository/TESTPENUGASAN/android.Penugasan.Button.Question7.DDL1(PU)'

2023-07-20 08:44:14 - [MESSAGE][WARNING] - Timeout '0' is invalid. Using default page load timeout: '120'

2023-07-20 08:44:16 - [MESSAGE][PASSED] - Tapped on element 'Object Repository/TESTPENUGASAN/android.Penugasan.Button.Question7.DDL1(PU)'

2023-07-20 08:44:16 - [TEST_STEP][PASSED] - tap(findTestObject("Object Repository/TESTPENUGASAN/android.Penugasan.Button.Question8(PU)"), 0): Tapped on element 'Object Repository/TESTPENUGASAN/android.Penugasan.Button.Question8(PU)'

2023-07-20 08:44:17 - [MESSAGE][WARNING] - Timeout '0' is invalid. Using default page load timeout: '120'

2023-07-20 08:44:17 - [MESSAGE][PASSED] - Tapped on element 'Object Repository/TESTPENUGASAN/android.Penugasan.Button.Question8(PU)'

2023-07-20 08:44:17 - [TEST_STEP][PASSED] - delay(2, STOP_ON_FAILURE): Delayed 2 second(s)

2023-07-20 08:44:19 - [MESSAGE][PASSED] - Delayed 2 second(s)

2023-07-20 08:44:19 - [TEST_STEP][PASSED] - delay(2, STOP_ON_FAILURE): Delayed 2 second(s)

2023-07-20 08:44:21 - [MESSAGE][PASSED] - Delayed 2 second(s)

2023-07-20 08:44:21 - [TEST_STEP][PASSED] - tap(findTestObject("Object Repository/TESTPENUGASAN/android.Penugasan.Button.Question8.CameraButton(PU)"), 0): Tapped on element 'Object Repository/TESTPENUGASAN/android.Penugasan.Button.Question8.CameraButton(PU)'

2023-07-20 08:44:21 - [MESSAGE][WARNING] - Timeout '0' is invalid. Using default page load timeout: '120'

2023-07-20 08:44:22 - [MESSAGE][PASSED] - Tapped on element 'Object Repository/TESTPENUGASAN/android.Penugasan.Button.Question8.CameraButton(PU)'

2023-07-20 08:44:22 - [TEST_STEP][PASSED] - delay(2, STOP_ON_FAILURE): Delayed 2 second(s)

2023-07-20 08:44:24 - [MESSAGE][PASSED] - Delayed 2 second(s)

2023-07-20 08:44:24 - [TEST_STEP][PASSED] - tap(findTestObject("Object Repository/TESTPENUGASAN/android.Penugasan.Button.Question8.CameraButton.Shutter(PU)"), 0): Tapped on element 'Object Repository/TESTPENUGASAN/android.Penugasan.Button.Question8.CameraButton.Shutter(PU)'

2023-07-20 08:44:24 - [MESSAGE][WARNING] - Timeout '0' is invalid. Using default page load timeout: '120'

2023-07-20 08:44:26 - [MESSAGE][PASSED] - Tapped on element 'Object Repository/TESTPENUGASAN/android.Penugasan.Button.Question8.CameraButton.Shutter(PU)'

2023-07-20 08:44:26 - [TEST_STEP][PASSED] - delay(2, STOP_ON_FAILURE): Delayed 2 second(s)

2023-07-20 08:44:28 - [MESSAGE][PASSED] - Delayed 2 second(s)

2023-07-20 08:44:28 - [TEST_STEP][PASSED] - tap(findTestObject("Object Repository/TESTPENUGASAN/android.Penugasan.Button.Question8.CameraButton.Checklist(PU)"), 0): Tapped on element 'Object Repository/TESTPENUGASAN/android.Penugasan.Button.Question8.CameraButton.Checklist(PU)'

2023-07-20 08:44:29 - [MESSAGE][WARNING] - Timeout '0' is invalid. Using default page load timeout: '120'

2023-07-20 08:44:30 - [MESSAGE][PASSED] - Tapped on element 'Object Repository/TESTPENUGASAN/android.Penugasan.Button.Question8.CameraButton.Checklist(PU)'

2023-07-20 08:44:30 - [TEST_STEP][PASSED] - delay(2, STOP_ON_FAILURE): Delayed 2 second(s)

2023-07-20 08:44:32 - [MESSAGE][PASSED] - Delayed 2 second(s)

2023-07-20 08:44:32 - [TEST_STEP][PASSED] - tap(findTestObject("Object Repository/TESTPENUGASAN/android.Penugasan.Button.Question9(PU)"), 0): Tapped on element 'Object Repository/TESTPENUGASAN/android.Penugasan.Button.Question9(PU)'

2023-07-20 08:44:32 - [MESSAGE][WARNING] - Timeout '0' is invalid. Using default page load timeout: '120'

2023-07-20 08:44:34 - [MESSAGE][PASSED] - Tapped on element 'Object Repository/TESTPENUGASAN/android.Penugasan.Button.Question9(PU)'

2023-07-20 08:44:34 - [TEST_STEP][PASSED] - tap(findTestObject("Object Repository/TESTPENUGASAN/android.Penugasan.Button.Question9.DDL(PU)"), 0): Tapped on element 'Object Repository/TESTPENUGASAN/android.Penugasan.Button.Question9.DDL(PU)'

2023-07-20 08:44:34 - [MESSAGE][WARNING] - Timeout '0' is invalid. Using default page load timeout: '120'

2023-07-20 08:44:35 - [MESSAGE][PASSED] - Tapped on element 'Object Repository/TESTPENUGASAN/android.Penugasan.Button.Question9.DDL(PU)'

2023-07-20 08:44:35 - [TEST_STEP][PASSED] - delay(2, STOP_ON_FAILURE): Delayed 2 second(s)

2023-07-20 08:44:37 - [MESSAGE][PASSED] - Delayed 2 second(s)

2023-07-20 08:44:37 - [TEST_STEP][PASSED] - tap(findTestObject("Object Repository/TESTPENUGASAN/android.Penugasan.Button.Question10(PU).Nomor Telepon Aktif Konsumen"), 0): Tapped on element 'Object Repository/TESTPENUGASAN/android.Penugasan.Button.Question10(PU).Nomor Telepon Aktif Konsumen'

2023-07-20 08:44:37 - [MESSAGE][WARNING] - Timeout '0' is invalid. Using default page load timeout: '120'

2023-07-20 08:44:39 - [MESSAGE][PASSED] - Tapped on element 'Object Repository/TESTPENUGASAN/android.Penugasan.Button.Question10(PU).Nomor Telepon Aktif Konsumen'

2023-07-20 08:44:39 - [TEST_STEP][PASSED] - hideKeyboard(): Keyboard is hidden

2023-07-20 08:44:41 - [MESSAGE][PASSED] - Keyboard is hidden

2023-07-20 08:44:41 - [TEST_STEP][PASSED] - sendKeys(findTestObject("Object Repository/TESTPENUGASAN/android.Penugasan.Button.Question10(PU).Nomor Telepon Aktif Konsumen"), "0818072023"): Send keys '0818072023' on test object 'Object Repository/TESTPENUGASAN/android.Penugasan.Button.Question10(PU).Nomor Telepon Aktif Konsumen' successfully.

2023-07-20 08:44:42 - [MESSAGE][PASSED] - Send keys '0818072023' on test object 'Object Repository/TESTPENUGASAN/android.Penugasan.Button.Question10(PU).Nomor Telepon Aktif Konsumen' successfully.

2023-07-20 08:44:42 - [TEST_STEP][PASSED] - hideKeyboard(): Keyboard is hidden

2023-07-20 08:44:44 - [MESSAGE][PASSED] - Keyboard is hidden

2023-07-20 08:44:44 - [TEST_STEP][PASSED] - tap(findTestObject("Object Repository/TESTPENUGASAN/android.Penugasan.Button.Question11(PU).KronologiSingkat"), 0): Tapped on element 'Object Repository/TESTPENUGASAN/android.Penugasan.Button.Question11(PU).KronologiSingkat'

2023-07-20 08:44:44 - [MESSAGE][WARNING] - Timeout '0' is invalid. Using default page load timeout: '120'

2023-07-20 08:44:46 - [MESSAGE][PASSED] - Tapped on element 'Object Repository/TESTPENUGASAN/android.Penugasan.Button.Question11(PU).KronologiSingkat'

2023-07-20 08:44:46 - [TEST_STEP][PASSED] - hideKeyboard(): Keyboard is hidden

2023-07-20 08:44:48 - [MESSAGE][PASSED] - Keyboard is hidden

2023-07-20 08:44:48 - [TEST_STEP][PASSED] - sendKeys(findTestObject("Object Repository/TESTPENUGASAN/android.Penugasan.Button.Question11(PU).KronologiSingkat(Input)"), "automation 18072023"): Send keys 'automation 18072023' on test object 'Object Repository/TESTPENUGASAN/android.Penugasan.Button.Question11(PU).KronologiSingkat(Input)' successfully.

2023-07-20 08:44:49 - [MESSAGE][PASSED] - Send keys 'automation 18072023' on test object 'Object Repository/TESTPENUGASAN/android.Penugasan.Button.Question11(PU).KronologiSingkat(Input)' successfully.

2023-07-20 08:44:49 - [TEST_STEP][PASSED] - hideKeyboard(): Keyboard is hidden

2023-07-20 08:44:51 - [MESSAGE][PASSED] - Keyboard is hidden

2023-07-20 08:44:51 - [TEST_STEP][PASSED] - delay(0.5, STOP_ON_FAILURE): Delayed 0.5 second(s)

2023-07-20 08:44:52 - [MESSAGE][PASSED] - Delayed 0.5 second(s)

2023-07-20 08:44:52 - [TEST_STEP][PASSED] - tap(findTestObject("androidButtons/FMUI(DEV)/penugasanPage/android.Penugasan.Button.Submit"), 0): Tapped on element 'Object Repository/androidButtons/FMUI(DEV)/penugasanPage/android.Penugasan.Button.Submit'

2023-07-20 08:44:52 - [MESSAGE][WARNING] - Timeout '0' is invalid. Using default page load timeout: '120'

2023-07-20 08:44:54 - [MESSAGE][PASSED] - Tapped on element 'Object Repository/androidButtons/FMUI(DEV)/penugasanPage/android.Penugasan.Button.Submit'

2023-07-20 08:44:54 - [TEST_STEP][PASSED] - tap(findTestObject("androidButtons/FMUI(DEV)/penugasanPage/android.Penugasan.Button.backToMainPage"), 0): Tapped on element 'Object Repository/androidButtons/FMUI(DEV)/penugasanPage/android.Penugasan.Button.backToMainPage'

2023-07-20 08:44:54 - [MESSAGE][WARNING] - Timeout '0' is invalid. Using default page load timeout: '120'

2023-07-20 08:44:55 - [MESSAGE][PASSED] - Tapped on element 'Object Repository/androidButtons/FMUI(DEV)/penugasanPage/android.Penugasan.Button.backToMainPage']]></system-out>
         <system-err><![CDATA[]]></system-err>
      </testcase>
      <system-out><![CDATA[2023-07-20 08:42:24 - [TEST_SUITE][PASSED] - PenugasanSubmit(PickUpUnit): Test Cases/APKDEV(FMUI)/Penugasan/PenugasanTimsusOrReguler_PenyerahanUnitSukarela]]></system-out>
      <system-err><![CDATA[]]></system-err>
   </testsuite>
</testsuites>
