<?xml version="1.0" encoding="UTF-8"?>
<testsuites name="PenugasanSubmit" time="58.831" tests="2" failures="0" errors="0">
   <testsuite name="PenugasanSubmit" tests="2" failures="0" errors="0" time="58.831" skipped="0" timestamp="2023-07-14 15:54:22" hostname="User - 10.30.6.124" id="Test Suites/APKDEV(FMUI)/Penugasan(RegulerOrTimsus)/PenugasanSubmit">
      <properties>
         <property name="deviceName" value="Xiaomi M2103K19PG (Android 12)"/>
         <property name="devicePlatform" value=""/>
         <property name="logFolder" value="C:\\Users\\User\\Katalon Studio\\Spartan Gym Test\\Reports\\20230714_155409\\APKDEV(FMUI)\\Penugasan(RegulerOrTimsus)\\PenugasanSubmit\\20230714_155409"/>
         <property name="logFiles" value="C:\\Users\\User\\Katalon Studio\\Spartan Gym Test\\Reports\\20230714_155409\\APKDEV(FMUI)\\Penugasan(RegulerOrTimsus)\\PenugasanSubmit\\20230714_155409\\appium.log, C:\\Users\\User\\Katalon Studio\\Spartan Gym Test\\Reports\\20230714_155409\\APKDEV(FMUI)\\Penugasan(RegulerOrTimsus)\\PenugasanSubmit\\20230714_155409\\execution0.log"/>
         <property name="attachments" value=""/>
         <property name="hostName" value="User - 10.30.6.124"/>
         <property name="os" value="Windows 10 64bit"/>
         <property name="appiumServerStatus" value="{&quot;value&quot;:{&quot;build&quot;:{&quot;version&quot;:&quot;1.22.0&quot;}},&quot;sessionId&quot;:null,&quot;status&quot;:0}"/>
         <property name="katalonVersion" value="8.6.0.208"/>
         <property name="deviceOS" value="Android"/>
         <property name="appiumVersion" value="1.22.0"/>
         <property name="deviceModel" value="M2103K19PG"/>
         <property name="hostAddress" value="10.30.6.124"/>
         <property name="deviceManufacturer" value="Xiaomi"/>
         <property name="deviceId" value="aihykrce5lrgzhxg"/>
         <property name="deviceName" value="Xiaomi M2103K19PG (Android 12)"/>
         <property name="deviceOSVersion" value="12"/>
      </properties>
      <testcase name="Test Cases/APKDEV(FMUI)/Penugasan/PenugasanSyncTask" time="35.952" classname="Test Cases/APKDEV(FMUI)/Penugasan/PenugasanSyncTask" status="PASSED">
         <system-out><![CDATA[2023-07-14 15:54:22 - [TEST_CASE][PASSED] - Test Cases/APKDEV(FMUI)/Penugasan/PenugasanSyncTask: Test Cases/APKDEV(FMUI)/Penugasan/PenugasanSyncTask

2023-07-14 15:54:23 - [TEST_STEP][PASSED] - startExistingApplication("pkp.mobile.fmui"): Starting app with application ID: 'pkp.mobile.fmui'

2023-07-14 15:54:24 - [MESSAGE][INFO] - Detected NodeJS location: "C:\Program Files\nodejs\node.exe"

2023-07-14 15:54:27 - [MESSAGE][INFO] - Appium server started on port 64,698

2023-07-14 15:54:48 - [MESSAGE][PASSED] - Starting app with application ID: 'pkp.mobile.fmui'

2023-07-14 15:54:48 - [TEST_STEP][PASSED] - tap(findTestObject("androidButtons/FMUI(DEV)/homePage/androidButtonProfile"), 0): Tapped on element 'Object Repository/androidButtons/FMUI(DEV)/homePage/androidButtonProfile'

2023-07-14 15:54:48 - [MESSAGE][WARNING] - Timeout '0' is invalid. Using default page load timeout: '120'

2023-07-14 15:54:48 - [MESSAGE][PASSED] - Tapped on element 'Object Repository/androidButtons/FMUI(DEV)/homePage/androidButtonProfile'

2023-07-14 15:54:48 - [TEST_STEP][PASSED] - verifyElementVisible(findTestObject("android.Page.ProfileView"), 0): Element 'Object Repository/android.Page.ProfileView' is visible

2023-07-14 15:54:49 - [MESSAGE][WARNING] - Timeout '0' is invalid. Using default page load timeout: '120'

2023-07-14 15:54:49 - [MESSAGE][PASSED] - Element 'Object Repository/android.Page.ProfileView' is visible

2023-07-14 15:54:49 - [TEST_STEP][PASSED] - tap(findTestObject("androidButtons/FMUI(DEV)/profilePage/android.profilePage.ButtonSyncTask"), 0): Tapped on element 'Object Repository/androidButtons/FMUI(DEV)/profilePage/android.profilePage.ButtonSyncTask'

2023-07-14 15:54:49 - [MESSAGE][WARNING] - Timeout '0' is invalid. Using default page load timeout: '120'

2023-07-14 15:54:53 - [MESSAGE][PASSED] - Tapped on element 'Object Repository/androidButtons/FMUI(DEV)/profilePage/android.profilePage.ButtonSyncTask'

2023-07-14 15:54:53 - [TEST_STEP][PASSED] - delay(5, STOP_ON_FAILURE): Delayed 5 second(s)

2023-07-14 15:54:58 - [MESSAGE][PASSED] - Delayed 5 second(s)]]></system-out>
         <system-err><![CDATA[]]></system-err>
      </testcase>
      <testcase name="Test Cases/APKDEV(FMUI)/Penugasan/Penugasan_SampaiDraft" time="22.344" classname="Test Cases/APKDEV(FMUI)/Penugasan/Penugasan_SampaiDraft" status="PASSED">
         <system-out><![CDATA[2023-07-14 15:54:58 - [TEST_CASE][PASSED] - Test Cases/APKDEV(FMUI)/Penugasan/Penugasan_SampaiDraft: Test Cases/APKDEV(FMUI)/Penugasan/Penugasan_SampaiDraft

2023-07-14 15:54:59 - [TEST_STEP][PASSED] - delay(5, STOP_ON_FAILURE): Delayed 5 second(s)

2023-07-14 15:55:04 - [MESSAGE][PASSED] - Delayed 5 second(s)

2023-07-14 15:55:04 - [TEST_STEP][PASSED] - verifyElementVisible(findTestObject("android.Page.ProfileView"), 3): Element 'Object Repository/android.Page.ProfileView' is visible

2023-07-14 15:55:04 - [MESSAGE][PASSED] - Element 'Object Repository/android.Page.ProfileView' is visible

2023-07-14 15:55:04 - [TEST_STEP][PASSED] - delay(5, STOP_ON_FAILURE): Delayed 5 second(s)

2023-07-14 15:55:09 - [MESSAGE][PASSED] - Delayed 5 second(s)

2023-07-14 15:55:09 - [TEST_STEP][PASSED] - tap(findTestObject("androidButtonMenu"), 0): Tapped on element 'Object Repository/androidButtonMenu'

2023-07-14 15:55:09 - [MESSAGE][WARNING] - Timeout '0' is invalid. Using default page load timeout: '120'

2023-07-14 15:55:11 - [MESSAGE][PASSED] - Tapped on element 'Object Repository/androidButtonMenu'

2023-07-14 15:55:11 - [TEST_STEP][PASSED] - tap(findTestObject("androidButtons/FMUI(DEV)/menuPage/android.menuPage.Button.Penugasan"), 0): Tapped on element 'Object Repository/androidButtons/FMUI(DEV)/menuPage/android.menuPage.Button.Penugasan'

2023-07-14 15:55:11 - [MESSAGE][WARNING] - Timeout '0' is invalid. Using default page load timeout: '120'

2023-07-14 15:55:12 - [MESSAGE][PASSED] - Tapped on element 'Object Repository/androidButtons/FMUI(DEV)/menuPage/android.menuPage.Button.Penugasan'

2023-07-14 15:55:12 - [TEST_STEP][PASSED] - tap(findTestObject("androidButtons/FMUI(DEV)/penugasanPage/android.Penugasan.Button.cardPenugasan"), 0): Tapped on element 'Object Repository/androidButtons/FMUI(DEV)/penugasanPage/android.Penugasan.Button.cardPenugasan'

2023-07-14 15:55:12 - [MESSAGE][WARNING] - Timeout '0' is invalid. Using default page load timeout: '120'

2023-07-14 15:55:14 - [MESSAGE][PASSED] - Tapped on element 'Object Repository/androidButtons/FMUI(DEV)/penugasanPage/android.Penugasan.Button.cardPenugasan'

2023-07-14 15:55:14 - [TEST_STEP][PASSED] - tap(findTestObject("androidButtons/FMUI(DEV)/penugasanPage/android.Penugasan.Button.Selanjutnya"), 0): Tapped on element 'Object Repository/androidButtons/FMUI(DEV)/penugasanPage/android.Penugasan.Button.Selanjutnya'

2023-07-14 15:55:14 - [MESSAGE][WARNING] - Timeout '0' is invalid. Using default page load timeout: '120'

2023-07-14 15:55:15 - [MESSAGE][PASSED] - Tapped on element 'Object Repository/androidButtons/FMUI(DEV)/penugasanPage/android.Penugasan.Button.Selanjutnya'

2023-07-14 15:55:15 - [TEST_STEP][PASSED] - swipe(0, 1926, 0, 1472): Swiped from 0,1,926 to 0,1,472

2023-07-14 15:55:16 - [MESSAGE][PASSED] - Swiped from 0,1,926 to 0,1,472

2023-07-14 15:55:16 - [TEST_STEP][PASSED] - verifyElementExist(findTestObject("androidButtons/FMUI(DEV)/penugasanPage/android.Penugasan.Button.selanjutnyaInformasi"), 3): Element 'Object Repository/androidButtons/FMUI(DEV)/penugasanPage/android.Penugasan.Button.selanjutnyaInformasi' is exist

2023-07-14 15:55:16 - [MESSAGE][PASSED] - Element 'Object Repository/androidButtons/FMUI(DEV)/penugasanPage/android.Penugasan.Button.selanjutnyaInformasi' is exist

2023-07-14 15:55:16 - [TEST_STEP][PASSED] - tap(findTestObject("androidButtons/FMUI(DEV)/penugasanPage/android.Penugasan.Button.selanjutnyaInformasi"), 0): Tapped on element 'Object Repository/androidButtons/FMUI(DEV)/penugasanPage/android.Penugasan.Button.selanjutnyaInformasi'

2023-07-14 15:55:16 - [MESSAGE][WARNING] - Timeout '0' is invalid. Using default page load timeout: '120'

2023-07-14 15:55:17 - [MESSAGE][PASSED] - Tapped on element 'Object Repository/androidButtons/FMUI(DEV)/penugasanPage/android.Penugasan.Button.selanjutnyaInformasi'

2023-07-14 15:55:17 - [TEST_STEP][PASSED] - tap(findTestObject("androidButtons/FMUI(DEV)/penugasanPage/android.Penugasan.Button.back(PojokKananAtas)"), 0): Tapped on element 'Object Repository/androidButtons/FMUI(DEV)/penugasanPage/android.Penugasan.Button.back(PojokKananAtas)'

2023-07-14 15:55:17 - [MESSAGE][WARNING] - Timeout '0' is invalid. Using default page load timeout: '120'

2023-07-14 15:55:18 - [MESSAGE][PASSED] - Tapped on element 'Object Repository/androidButtons/FMUI(DEV)/penugasanPage/android.Penugasan.Button.back(PojokKananAtas)'

2023-07-14 15:55:18 - [TEST_STEP][PASSED] - tap(findTestObject("androidButtons/FMUI(DEV)/penugasanPage/android.Penugasan.Button.back(PojokKananAtas)"), 0): Tapped on element 'Object Repository/androidButtons/FMUI(DEV)/penugasanPage/android.Penugasan.Button.back(PojokKananAtas)'

2023-07-14 15:55:18 - [MESSAGE][WARNING] - Timeout '0' is invalid. Using default page load timeout: '120'

2023-07-14 15:55:19 - [MESSAGE][PASSED] - Tapped on element 'Object Repository/androidButtons/FMUI(DEV)/penugasanPage/android.Penugasan.Button.back(PojokKananAtas)'

2023-07-14 15:55:19 - [TEST_STEP][PASSED] - tap(findTestObject("androidButtons/FMUI(DEV)/penugasanPage/android.Penugasan.popUpPage.yesButton"), 0): Tapped on element 'Object Repository/androidButtons/FMUI(DEV)/penugasanPage/android.Penugasan.popUpPage.yesButton'

2023-07-14 15:55:19 - [MESSAGE][WARNING] - Timeout '0' is invalid. Using default page load timeout: '120'

2023-07-14 15:55:21 - [MESSAGE][PASSED] - Tapped on element 'Object Repository/androidButtons/FMUI(DEV)/penugasanPage/android.Penugasan.popUpPage.yesButton']]></system-out>
         <system-err><![CDATA[]]></system-err>
      </testcase>
      <system-out><![CDATA[2023-07-14 15:54:22 - [TEST_SUITE][PASSED] - PenugasanSubmit: Test Cases/APKDEV(FMUI)/Penugasan/Penugasan_SampaiDraft]]></system-out>
      <system-err><![CDATA[]]></system-err>
   </testsuite>
</testsuites>
