<?xml version="1.0" encoding="UTF-8"?>
<testsuites name="PenugasanSubmit(PickUpUnit)" time="169.78" tests="4" failures="0" errors="0">
   <testsuite name="PenugasanSubmit(PickUpUnit)" tests="4" failures="0" errors="0" time="169.78" skipped="0" timestamp="2023-07-18 16:18:24" hostname="User - BHAGAS-PKP" id="Test Suites/APKDEV(FMUI)/Penugasan(RegulerOrTimsus)/PenugasanSubmit(PickUpUnit)">
      <properties>
         <property name="deviceName" value="Xiaomi M2103K19PG (Android 12)"/>
         <property name="devicePlatform" value=""/>
         <property name="logFolder" value="C:\\Users\\User\\Katalon Studio\\Spartan Gym Test\\Reports\\20230718_161808\\APKDEV(FMUI)\\Penugasan(RegulerOrTimsus)\\PenugasanSubmit(PickUpUnit)\\20230718_161808"/>
         <property name="logFiles" value="C:\\Users\\User\\Katalon Studio\\Spartan Gym Test\\Reports\\20230718_161808\\APKDEV(FMUI)\\Penugasan(RegulerOrTimsus)\\PenugasanSubmit(PickUpUnit)\\20230718_161808\\appium.log, C:\\Users\\User\\Katalon Studio\\Spartan Gym Test\\Reports\\20230718_161808\\APKDEV(FMUI)\\Penugasan(RegulerOrTimsus)\\PenugasanSubmit(PickUpUnit)\\20230718_161808\\execution0.log"/>
         <property name="attachments" value=""/>
         <property name="hostName" value="User - BHAGAS-PKP"/>
         <property name="os" value="Windows 10 64bit"/>
         <property name="appiumServerStatus" value="{&quot;value&quot;:{&quot;build&quot;:{&quot;version&quot;:&quot;1.22.0&quot;}},&quot;sessionId&quot;:null,&quot;status&quot;:0}"/>
         <property name="katalonVersion" value="8.6.0.208"/>
         <property name="deviceOS" value="Android"/>
         <property name="appiumVersion" value="1.22.0"/>
         <property name="deviceModel" value="M2103K19PG"/>
         <property name="hostAddress" value="10.30.6.81"/>
         <property name="deviceManufacturer" value="Xiaomi"/>
         <property name="deviceId" value="aihykrce5lrgzhxg"/>
         <property name="deviceName" value="Xiaomi M2103K19PG (Android 12)"/>
         <property name="deviceOSVersion" value="12"/>
      </properties>
      <testcase name="Test Cases/APKDEV(FMUI)/androidLogin(DEV)" time="51.813" classname="Test Cases/APKDEV(FMUI)/androidLogin(DEV)" status="PASSED">
         <system-out><![CDATA[2023-07-18 16:18:25 - [TEST_CASE][PASSED] - Test Cases/APKDEV(FMUI)/androidLogin(DEV): Test Cases/APKDEV(FMUI)/androidLogin(DEV)

2023-07-18 16:18:27 - [TEST_STEP][PASSED] - startExistingApplication("pkp.mobile.fmui", STOP_ON_FAILURE): Starting app with application ID: 'pkp.mobile.fmui'

2023-07-18 16:18:28 - [MESSAGE][INFO] - Detected NodeJS location: "C:\Program Files\nodejs\node.exe"

2023-07-18 16:18:32 - [MESSAGE][INFO] - Appium server started on port 50,313

2023-07-18 16:18:58 - [MESSAGE][PASSED] - Starting app with application ID: 'pkp.mobile.fmui'

2023-07-18 16:18:58 - [TEST_STEP][PASSED] - tap(findTestObject("androidButtons/FMUI(DEV)/loginPage/android.loginPage.Field.Username"), 0): Tapped on element 'Object Repository/androidButtons/FMUI(DEV)/loginPage/android.loginPage.Field.Username'

2023-07-18 16:18:58 - [MESSAGE][WARNING] - Timeout '0' is invalid. Using default page load timeout: '120'

2023-07-18 16:19:10 - [MESSAGE][PASSED] - Tapped on element 'Object Repository/androidButtons/FMUI(DEV)/loginPage/android.loginPage.Field.Username'

2023-07-18 16:19:10 - [TEST_STEP][PASSED] - driver = getDriver(): null

2023-07-18 16:19:10 - [TEST_STEP][PASSED] - getKeyboard().sendKeys("mitra130323"): null

2023-07-18 16:19:11 - [TEST_STEP][PASSED] - hideKeyboard(): Keyboard is hidden

2023-07-18 16:19:12 - [MESSAGE][PASSED] - Keyboard is hidden

2023-07-18 16:19:12 - [TEST_STEP][PASSED] - tap(findTestObject("androidButtons/FMUI(DEV)/loginPage/android.loginPage.Field.Password"), 0): Tapped on element 'Object Repository/androidButtons/FMUI(DEV)/loginPage/android.loginPage.Field.Password'

2023-07-18 16:19:13 - [MESSAGE][WARNING] - Timeout '0' is invalid. Using default page load timeout: '120'

2023-07-18 16:19:13 - [MESSAGE][PASSED] - Tapped on element 'Object Repository/androidButtons/FMUI(DEV)/loginPage/android.loginPage.Field.Password'

2023-07-18 16:19:13 - [TEST_STEP][PASSED] - getKeyboard().sendKeys("1234Qwer"): null

2023-07-18 16:19:14 - [TEST_STEP][PASSED] - hideKeyboard(): Keyboard is hidden

2023-07-18 16:19:16 - [MESSAGE][PASSED] - Keyboard is hidden

2023-07-18 16:19:16 - [TEST_STEP][PASSED] - tap(findTestObject("androidButtons/FMUI(DEV)/loginPage/androidButtonLogin"), 2): Tapped on element 'Object Repository/androidButtons/FMUI(DEV)/loginPage/androidButtonLogin'

2023-07-18 16:19:17 - [MESSAGE][PASSED] - Tapped on element 'Object Repository/androidButtons/FMUI(DEV)/loginPage/androidButtonLogin']]></system-out>
         <system-err><![CDATA[]]></system-err>
      </testcase>
      <testcase name="Test Cases/APKDEV(FMUI)/Penugasan/PenugasanSyncTask" time="26.731" classname="Test Cases/APKDEV(FMUI)/Penugasan/PenugasanSyncTask" status="PASSED">
         <system-out><![CDATA[2023-07-18 16:19:17 - [TEST_CASE][PASSED] - Test Cases/APKDEV(FMUI)/Penugasan/PenugasanSyncTask: Test Cases/APKDEV(FMUI)/Penugasan/PenugasanSyncTask

2023-07-18 16:19:18 - [TEST_STEP][PASSED] - tap(findTestObject("androidButtons/FMUI(DEV)/homePage/androidButtonProfile"), 0): Tapped on element 'Object Repository/androidButtons/FMUI(DEV)/homePage/androidButtonProfile'

2023-07-18 16:19:18 - [MESSAGE][WARNING] - Timeout '0' is invalid. Using default page load timeout: '120'

2023-07-18 16:19:37 - [MESSAGE][PASSED] - Tapped on element 'Object Repository/androidButtons/FMUI(DEV)/homePage/androidButtonProfile'

2023-07-18 16:19:37 - [TEST_STEP][PASSED] - verifyElementVisible(findTestObject("android.Page.ProfileView"), 0): Element 'Object Repository/android.Page.ProfileView' is visible

2023-07-18 16:19:37 - [MESSAGE][WARNING] - Timeout '0' is invalid. Using default page load timeout: '120'

2023-07-18 16:19:38 - [MESSAGE][PASSED] - Element 'Object Repository/android.Page.ProfileView' is visible

2023-07-18 16:19:38 - [TEST_STEP][PASSED] - tap(findTestObject("androidButtons/FMUI(DEV)/profilePage/android.profilePage.ButtonSyncTask"), 0): Tapped on element 'Object Repository/androidButtons/FMUI(DEV)/profilePage/android.profilePage.ButtonSyncTask'

2023-07-18 16:19:38 - [MESSAGE][WARNING] - Timeout '0' is invalid. Using default page load timeout: '120'

2023-07-18 16:19:39 - [MESSAGE][PASSED] - Tapped on element 'Object Repository/androidButtons/FMUI(DEV)/profilePage/android.profilePage.ButtonSyncTask'

2023-07-18 16:19:39 - [TEST_STEP][PASSED] - delay(5, STOP_ON_FAILURE): Delayed 5 second(s)

2023-07-18 16:19:44 - [MESSAGE][PASSED] - Delayed 5 second(s)]]></system-out>
         <system-err><![CDATA[]]></system-err>
      </testcase>
      <testcase name="Test Cases/APKDEV(FMUI)/Penugasan/Penugasan_SampaiDraft" time="20.774" classname="Test Cases/APKDEV(FMUI)/Penugasan/Penugasan_SampaiDraft" status="PASSED">
         <system-out><![CDATA[2023-07-18 16:19:44 - [TEST_CASE][PASSED] - Test Cases/APKDEV(FMUI)/Penugasan/Penugasan_SampaiDraft: Test Cases/APKDEV(FMUI)/Penugasan/Penugasan_SampaiDraft

2023-07-18 16:19:45 - [TEST_STEP][PASSED] - delay(2, STOP_ON_FAILURE): Delayed 2 second(s)

2023-07-18 16:19:47 - [MESSAGE][PASSED] - Delayed 2 second(s)

2023-07-18 16:19:47 - [TEST_STEP][PASSED] - verifyElementVisible(findTestObject("android.Page.ProfileView"), 3): Element 'Object Repository/android.Page.ProfileView' is visible

2023-07-18 16:19:47 - [MESSAGE][PASSED] - Element 'Object Repository/android.Page.ProfileView' is visible

2023-07-18 16:19:47 - [TEST_STEP][PASSED] - delay(5, STOP_ON_FAILURE): Delayed 5 second(s)

2023-07-18 16:19:52 - [MESSAGE][PASSED] - Delayed 5 second(s)

2023-07-18 16:19:52 - [TEST_STEP][PASSED] - tap(findTestObject("androidButtonMenu"), 0): Tapped on element 'Object Repository/androidButtonMenu'

2023-07-18 16:19:52 - [MESSAGE][WARNING] - Timeout '0' is invalid. Using default page load timeout: '120'

2023-07-18 16:19:53 - [MESSAGE][PASSED] - Tapped on element 'Object Repository/androidButtonMenu'

2023-07-18 16:19:53 - [TEST_STEP][PASSED] - tap(findTestObject("androidButtons/FMUI(DEV)/menuPage/android.menuPage.Button.Penugasan"), 0): Tapped on element 'Object Repository/androidButtons/FMUI(DEV)/menuPage/android.menuPage.Button.Penugasan'

2023-07-18 16:19:54 - [MESSAGE][WARNING] - Timeout '0' is invalid. Using default page load timeout: '120'

2023-07-18 16:19:55 - [MESSAGE][PASSED] - Tapped on element 'Object Repository/androidButtons/FMUI(DEV)/menuPage/android.menuPage.Button.Penugasan'

2023-07-18 16:19:55 - [TEST_STEP][PASSED] - tap(findTestObject("androidButtons/FMUI(DEV)/penugasanPage/android.Penugasan.Button.cardPenugasan"), 0): Tapped on element 'Object Repository/androidButtons/FMUI(DEV)/penugasanPage/android.Penugasan.Button.cardPenugasan'

2023-07-18 16:19:55 - [MESSAGE][WARNING] - Timeout '0' is invalid. Using default page load timeout: '120'

2023-07-18 16:19:56 - [MESSAGE][PASSED] - Tapped on element 'Object Repository/androidButtons/FMUI(DEV)/penugasanPage/android.Penugasan.Button.cardPenugasan'

2023-07-18 16:19:56 - [TEST_STEP][PASSED] - tap(findTestObject("androidButtons/FMUI(DEV)/penugasanPage/android.Penugasan.Button.Selanjutnya"), 0): Tapped on element 'Object Repository/androidButtons/FMUI(DEV)/penugasanPage/android.Penugasan.Button.Selanjutnya'

2023-07-18 16:19:57 - [MESSAGE][WARNING] - Timeout '0' is invalid. Using default page load timeout: '120'

2023-07-18 16:19:58 - [MESSAGE][PASSED] - Tapped on element 'Object Repository/androidButtons/FMUI(DEV)/penugasanPage/android.Penugasan.Button.Selanjutnya'

2023-07-18 16:19:58 - [TEST_STEP][PASSED] - delay(2, STOP_ON_FAILURE): Delayed 2 second(s)

2023-07-18 16:20:00 - [MESSAGE][PASSED] - Delayed 2 second(s)

2023-07-18 16:20:00 - [TEST_STEP][PASSED] - swipe(0, 1926, 0, 1472): Swiped from 0,1,926 to 0,1,472

2023-07-18 16:20:01 - [MESSAGE][PASSED] - Swiped from 0,1,926 to 0,1,472

2023-07-18 16:20:01 - [TEST_STEP][PASSED] - verifyElementExist(findTestObject("androidButtons/FMUI(DEV)/penugasanPage/android.Penugasan.Button.selanjutnyaInformasi"), 3): Element 'Object Repository/androidButtons/FMUI(DEV)/penugasanPage/android.Penugasan.Button.selanjutnyaInformasi' is exist

2023-07-18 16:20:01 - [MESSAGE][PASSED] - Element 'Object Repository/androidButtons/FMUI(DEV)/penugasanPage/android.Penugasan.Button.selanjutnyaInformasi' is exist

2023-07-18 16:20:01 - [TEST_STEP][PASSED] - tap(findTestObject("androidButtons/FMUI(DEV)/penugasanPage/android.Penugasan.Button.selanjutnyaInformasi"), 0): Tapped on element 'Object Repository/androidButtons/FMUI(DEV)/penugasanPage/android.Penugasan.Button.selanjutnyaInformasi'

2023-07-18 16:20:01 - [MESSAGE][WARNING] - Timeout '0' is invalid. Using default page load timeout: '120'

2023-07-18 16:20:02 - [MESSAGE][PASSED] - Tapped on element 'Object Repository/androidButtons/FMUI(DEV)/penugasanPage/android.Penugasan.Button.selanjutnyaInformasi'

2023-07-18 16:20:02 - [TEST_STEP][PASSED] - tap(findTestObject("androidButtons/FMUI(DEV)/penugasanPage/android.Penugasan.Button.back(PojokKananAtas)"), 0): Tapped on element 'Object Repository/androidButtons/FMUI(DEV)/penugasanPage/android.Penugasan.Button.back(PojokKananAtas)'

2023-07-18 16:20:02 - [MESSAGE][WARNING] - Timeout '0' is invalid. Using default page load timeout: '120'

2023-07-18 16:20:03 - [MESSAGE][PASSED] - Tapped on element 'Object Repository/androidButtons/FMUI(DEV)/penugasanPage/android.Penugasan.Button.back(PojokKananAtas)'

2023-07-18 16:20:03 - [TEST_STEP][PASSED] - tap(findTestObject("androidButtons/FMUI(DEV)/penugasanPage/android.Penugasan.Button.back(PojokKananAtas)"), 0): Tapped on element 'Object Repository/androidButtons/FMUI(DEV)/penugasanPage/android.Penugasan.Button.back(PojokKananAtas)'

2023-07-18 16:20:03 - [MESSAGE][WARNING] - Timeout '0' is invalid. Using default page load timeout: '120'

2023-07-18 16:20:04 - [MESSAGE][PASSED] - Tapped on element 'Object Repository/androidButtons/FMUI(DEV)/penugasanPage/android.Penugasan.Button.back(PojokKananAtas)'

2023-07-18 16:20:04 - [TEST_STEP][PASSED] - tap(findTestObject("androidButtons/FMUI(DEV)/penugasanPage/android.Penugasan.popUpPage.yesButton"), 0): Tapped on element 'Object Repository/androidButtons/FMUI(DEV)/penugasanPage/android.Penugasan.popUpPage.yesButton'

2023-07-18 16:20:04 - [MESSAGE][WARNING] - Timeout '0' is invalid. Using default page load timeout: '120'

2023-07-18 16:20:04 - [MESSAGE][PASSED] - Tapped on element 'Object Repository/androidButtons/FMUI(DEV)/penugasanPage/android.Penugasan.popUpPage.yesButton']]></system-out>
         <system-err><![CDATA[]]></system-err>
      </testcase>
      <testcase name="Test Cases/APKDEV(FMUI)/Penugasan/PenugasanTimsusOrReguler_PenyerahanUnitSukarela" time="69.722" classname="Test Cases/APKDEV(FMUI)/Penugasan/PenugasanTimsusOrReguler_PenyerahanUnitSukarela" status="PASSED">
         <system-out><![CDATA[2023-07-18 16:20:04 - [TEST_CASE][PASSED] - Test Cases/APKDEV(FMUI)/Penugasan/PenugasanTimsusOrReguler_PenyerahanUnitSukarela: Test Cases/APKDEV(FMUI)/Penugasan/PenugasanTimsusOrReguler_PenyerahanUnitSukarela

2023-07-18 16:20:05 - [TEST_STEP][PASSED] - delay(2, STOP_ON_FAILURE): Delayed 2 second(s)

2023-07-18 16:20:07 - [MESSAGE][PASSED] - Delayed 2 second(s)

2023-07-18 16:20:07 - [TEST_STEP][PASSED] - tap(findTestObject("androidButtons/FMUI(DEV)/penugasanPage/android.Penugasan.Button.Selanjutnya"), 0): Tapped on element 'Object Repository/androidButtons/FMUI(DEV)/penugasanPage/android.Penugasan.Button.Selanjutnya'

2023-07-18 16:20:08 - [MESSAGE][WARNING] - Timeout '0' is invalid. Using default page load timeout: '120'

2023-07-18 16:20:09 - [MESSAGE][PASSED] - Tapped on element 'Object Repository/androidButtons/FMUI(DEV)/penugasanPage/android.Penugasan.Button.Selanjutnya'

2023-07-18 16:20:09 - [TEST_STEP][PASSED] - delay(2, STOP_ON_FAILURE): Delayed 2 second(s)

2023-07-18 16:20:11 - [MESSAGE][PASSED] - Delayed 2 second(s)

2023-07-18 16:20:11 - [TEST_STEP][PASSED] - swipe(0, 1926, 0, 1472): Swiped from 0,1,926 to 0,1,472

2023-07-18 16:20:12 - [MESSAGE][PASSED] - Swiped from 0,1,926 to 0,1,472

2023-07-18 16:20:12 - [TEST_STEP][PASSED] - delay(1, STOP_ON_FAILURE): Delayed 1 second(s)

2023-07-18 16:20:13 - [MESSAGE][PASSED] - Delayed 1 second(s)

2023-07-18 16:20:13 - [TEST_STEP][PASSED] - tap(findTestObject("androidButtons/FMUI(DEV)/penugasanPage/android.Penugasan.Button.selanjutnyaInformasi"), 0): Tapped on element 'Object Repository/androidButtons/FMUI(DEV)/penugasanPage/android.Penugasan.Button.selanjutnyaInformasi'

2023-07-18 16:20:13 - [MESSAGE][WARNING] - Timeout '0' is invalid. Using default page load timeout: '120'

2023-07-18 16:20:14 - [MESSAGE][PASSED] - Tapped on element 'Object Repository/androidButtons/FMUI(DEV)/penugasanPage/android.Penugasan.Button.selanjutnyaInformasi'

2023-07-18 16:20:14 - [TEST_STEP][PASSED] - tap(findTestObject("Object Repository/androidButtons/FMUI(DEV)/penugasanPage/android.Penugasan.Button.Question1"), 0): Tapped on element 'Object Repository/androidButtons/FMUI(DEV)/penugasanPage/android.Penugasan.Button.Question1'

2023-07-18 16:20:14 - [MESSAGE][WARNING] - Timeout '0' is invalid. Using default page load timeout: '120'

2023-07-18 16:20:15 - [MESSAGE][PASSED] - Tapped on element 'Object Repository/androidButtons/FMUI(DEV)/penugasanPage/android.Penugasan.Button.Question1'

2023-07-18 16:20:15 - [TEST_STEP][PASSED] - tap(findTestObject("Object Repository/androidButtons/FMUI(DEV)/penugasanPage/android.Penugasan.DDL1.List1"), 0): Tapped on element 'Object Repository/androidButtons/FMUI(DEV)/penugasanPage/android.Penugasan.DDL1.List1'

2023-07-18 16:20:15 - [MESSAGE][WARNING] - Timeout '0' is invalid. Using default page load timeout: '120'

2023-07-18 16:20:16 - [MESSAGE][PASSED] - Tapped on element 'Object Repository/androidButtons/FMUI(DEV)/penugasanPage/android.Penugasan.DDL1.List1'

2023-07-18 16:20:16 - [TEST_STEP][PASSED] - tap(findTestObject("Object Repository/androidButtons/FMUI(DEV)/penugasanPage/android.Penugasan.Button.Question2"), 0): Tapped on element 'Object Repository/androidButtons/FMUI(DEV)/penugasanPage/android.Penugasan.Button.Question2'

2023-07-18 16:20:16 - [MESSAGE][WARNING] - Timeout '0' is invalid. Using default page load timeout: '120'

2023-07-18 16:20:17 - [MESSAGE][PASSED] - Tapped on element 'Object Repository/androidButtons/FMUI(DEV)/penugasanPage/android.Penugasan.Button.Question2'

2023-07-18 16:20:17 - [TEST_STEP][PASSED] - tap(findTestObject("Object Repository/androidButtons/FMUI(DEV)/penugasanPage/android.Penugasan.DDL2.List1"), 0): Tapped on element 'Object Repository/androidButtons/FMUI(DEV)/penugasanPage/android.Penugasan.DDL2.List1'

2023-07-18 16:20:18 - [MESSAGE][WARNING] - Timeout '0' is invalid. Using default page load timeout: '120'

2023-07-18 16:20:18 - [MESSAGE][PASSED] - Tapped on element 'Object Repository/androidButtons/FMUI(DEV)/penugasanPage/android.Penugasan.DDL2.List1'

2023-07-18 16:20:18 - [TEST_STEP][PASSED] - tap(findTestObject("Object Repository/androidButtons/FMUI(DEV)/penugasanPage/android.Penugasan.Button.Question3"), 0): Tapped on element 'Object Repository/androidButtons/FMUI(DEV)/penugasanPage/android.Penugasan.Button.Question3'

2023-07-18 16:20:19 - [MESSAGE][WARNING] - Timeout '0' is invalid. Using default page load timeout: '120'

2023-07-18 16:20:20 - [MESSAGE][PASSED] - Tapped on element 'Object Repository/androidButtons/FMUI(DEV)/penugasanPage/android.Penugasan.Button.Question3'

2023-07-18 16:20:20 - [TEST_STEP][PASSED] - tap(findTestObject("Object Repository/androidButtons/FMUI(DEV)/penugasanPage/android.Penugasan.DDL3.List1"), 0): Tapped on element 'Object Repository/androidButtons/FMUI(DEV)/penugasanPage/android.Penugasan.DDL3.List1'

2023-07-18 16:20:20 - [MESSAGE][WARNING] - Timeout '0' is invalid. Using default page load timeout: '120'

2023-07-18 16:20:21 - [MESSAGE][PASSED] - Tapped on element 'Object Repository/androidButtons/FMUI(DEV)/penugasanPage/android.Penugasan.DDL3.List1'

2023-07-18 16:20:21 - [TEST_STEP][PASSED] - tap(findTestObject("Object Repository/TESTPENUGASAN/android.Penugasan.Button.Question4"), 0): Tapped on element 'Object Repository/TESTPENUGASAN/android.Penugasan.Button.Question4'

2023-07-18 16:20:21 - [MESSAGE][WARNING] - Timeout '0' is invalid. Using default page load timeout: '120'

2023-07-18 16:20:22 - [MESSAGE][PASSED] - Tapped on element 'Object Repository/TESTPENUGASAN/android.Penugasan.Button.Question4'

2023-07-18 16:20:22 - [TEST_STEP][PASSED] - tap(findTestObject("Object Repository/TESTPENUGASAN/android.Penugasan.Button.Question4.DDL3(PU)"), 0): Tapped on element 'Object Repository/TESTPENUGASAN/android.Penugasan.Button.Question4.DDL3(PU)'

2023-07-18 16:20:22 - [MESSAGE][WARNING] - Timeout '0' is invalid. Using default page load timeout: '120'

2023-07-18 16:20:23 - [MESSAGE][PASSED] - Tapped on element 'Object Repository/TESTPENUGASAN/android.Penugasan.Button.Question4.DDL3(PU)'

2023-07-18 16:20:23 - [TEST_STEP][PASSED] - delay(2, STOP_ON_FAILURE): Delayed 2 second(s)

2023-07-18 16:20:25 - [MESSAGE][PASSED] - Delayed 2 second(s)

2023-07-18 16:20:25 - [TEST_STEP][PASSED] - swipe(0, 2100, 0, 1730): Swiped from 0,2,100 to 0,1,730

2023-07-18 16:20:26 - [MESSAGE][PASSED] - Swiped from 0,2,100 to 0,1,730

2023-07-18 16:20:26 - [TEST_STEP][PASSED] - delay(2, STOP_ON_FAILURE): Delayed 2 second(s)

2023-07-18 16:20:28 - [MESSAGE][PASSED] - Delayed 2 second(s)

2023-07-18 16:20:28 - [TEST_STEP][PASSED] - delay(2, STOP_ON_FAILURE): Delayed 2 second(s)

2023-07-18 16:20:30 - [MESSAGE][PASSED] - Delayed 2 second(s)

2023-07-18 16:20:30 - [TEST_STEP][PASSED] - tap(findTestObject("Object Repository/TESTPENUGASAN/android.Penugasan.Button.Question5(PU)"), 0): Tapped on element 'Object Repository/TESTPENUGASAN/android.Penugasan.Button.Question5(PU)'

2023-07-18 16:20:31 - [MESSAGE][WARNING] - Timeout '0' is invalid. Using default page load timeout: '120'

2023-07-18 16:20:32 - [MESSAGE][PASSED] - Tapped on element 'Object Repository/TESTPENUGASAN/android.Penugasan.Button.Question5(PU)'

2023-07-18 16:20:32 - [TEST_STEP][PASSED] - tap(findTestObject("Object Repository/TESTPENUGASAN/android.Penugasan.Button.Question5.DDL1(PU)"), 0): Tapped on element 'Object Repository/TESTPENUGASAN/android.Penugasan.Button.Question5.DDL1(PU)'

2023-07-18 16:20:32 - [MESSAGE][WARNING] - Timeout '0' is invalid. Using default page load timeout: '120'

2023-07-18 16:20:33 - [MESSAGE][PASSED] - Tapped on element 'Object Repository/TESTPENUGASAN/android.Penugasan.Button.Question5.DDL1(PU)'

2023-07-18 16:20:33 - [TEST_STEP][PASSED] - delay(2, STOP_ON_FAILURE): Delayed 2 second(s)

2023-07-18 16:20:35 - [MESSAGE][PASSED] - Delayed 2 second(s)

2023-07-18 16:20:35 - [TEST_STEP][PASSED] - tap(findTestObject("Object Repository/TESTPENUGASAN/android.Penugasan.Button.Question6(PU)"), 0): Tapped on element 'Object Repository/TESTPENUGASAN/android.Penugasan.Button.Question6(PU)'

2023-07-18 16:20:35 - [MESSAGE][WARNING] - Timeout '0' is invalid. Using default page load timeout: '120'

2023-07-18 16:20:36 - [MESSAGE][PASSED] - Tapped on element 'Object Repository/TESTPENUGASAN/android.Penugasan.Button.Question6(PU)'

2023-07-18 16:20:36 - [TEST_STEP][PASSED] - tap(findTestObject("androidButtons/FMUI(DEV)/penugasanPage/android.Penugasan.Button.OKDatePicker.Question6"), 0): Tapped on element 'Object Repository/androidButtons/FMUI(DEV)/penugasanPage/android.Penugasan.Button.OKDatePicker.Question6'

2023-07-18 16:20:36 - [MESSAGE][WARNING] - Timeout '0' is invalid. Using default page load timeout: '120'

2023-07-18 16:20:37 - [MESSAGE][PASSED] - Tapped on element 'Object Repository/androidButtons/FMUI(DEV)/penugasanPage/android.Penugasan.Button.OKDatePicker.Question6'

2023-07-18 16:20:37 - [TEST_STEP][PASSED] - delay(2, STOP_ON_FAILURE): Delayed 2 second(s)

2023-07-18 16:20:39 - [MESSAGE][PASSED] - Delayed 2 second(s)

2023-07-18 16:20:39 - [TEST_STEP][PASSED] - tap(findTestObject("Object Repository/TESTPENUGASAN/android.Penugasan.Button.Question7(PU)"), 0): Tapped on element 'Object Repository/TESTPENUGASAN/android.Penugasan.Button.Question7(PU)'

2023-07-18 16:20:39 - [MESSAGE][WARNING] - Timeout '0' is invalid. Using default page load timeout: '120'

2023-07-18 16:20:40 - [MESSAGE][PASSED] - Tapped on element 'Object Repository/TESTPENUGASAN/android.Penugasan.Button.Question7(PU)'

2023-07-18 16:20:40 - [TEST_STEP][PASSED] - tap(findTestObject("Object Repository/TESTPENUGASAN/android.Penugasan.Button.Question7.DDL1(PU)"), 0): Tapped on element 'Object Repository/TESTPENUGASAN/android.Penugasan.Button.Question7.DDL1(PU)'

2023-07-18 16:20:41 - [MESSAGE][WARNING] - Timeout '0' is invalid. Using default page load timeout: '120'

2023-07-18 16:20:41 - [MESSAGE][PASSED] - Tapped on element 'Object Repository/TESTPENUGASAN/android.Penugasan.Button.Question7.DDL1(PU)'

2023-07-18 16:20:41 - [TEST_STEP][PASSED] - tap(findTestObject("Object Repository/TESTPENUGASAN/android.Penugasan.Button.Question8(PU)"), 0): Tapped on element 'Object Repository/TESTPENUGASAN/android.Penugasan.Button.Question8(PU)'

2023-07-18 16:20:42 - [MESSAGE][WARNING] - Timeout '0' is invalid. Using default page load timeout: '120'

2023-07-18 16:20:42 - [MESSAGE][PASSED] - Tapped on element 'Object Repository/TESTPENUGASAN/android.Penugasan.Button.Question8(PU)'

2023-07-18 16:20:42 - [TEST_STEP][PASSED] - delay(2, STOP_ON_FAILURE): Delayed 2 second(s)

2023-07-18 16:20:44 - [MESSAGE][PASSED] - Delayed 2 second(s)

2023-07-18 16:20:44 - [TEST_STEP][PASSED] - delay(2, STOP_ON_FAILURE): Delayed 2 second(s)

2023-07-18 16:20:46 - [MESSAGE][PASSED] - Delayed 2 second(s)

2023-07-18 16:20:46 - [TEST_STEP][PASSED] - tap(findTestObject("Object Repository/TESTPENUGASAN/android.Penugasan.Button.Question8.CameraButton(PU)"), 0): Tapped on element 'Object Repository/TESTPENUGASAN/android.Penugasan.Button.Question8.CameraButton(PU)'

2023-07-18 16:20:46 - [MESSAGE][WARNING] - Timeout '0' is invalid. Using default page load timeout: '120'

2023-07-18 16:20:46 - [MESSAGE][PASSED] - Tapped on element 'Object Repository/TESTPENUGASAN/android.Penugasan.Button.Question8.CameraButton(PU)'

2023-07-18 16:20:46 - [TEST_STEP][PASSED] - delay(2, STOP_ON_FAILURE): Delayed 2 second(s)

2023-07-18 16:20:48 - [MESSAGE][PASSED] - Delayed 2 second(s)

2023-07-18 16:20:48 - [TEST_STEP][PASSED] - tap(findTestObject("Object Repository/TESTPENUGASAN/android.Penugasan.Button.Question8.CameraButton.Shutter(PU)"), 0): Tapped on element 'Object Repository/TESTPENUGASAN/android.Penugasan.Button.Question8.CameraButton.Shutter(PU)'

2023-07-18 16:20:48 - [MESSAGE][WARNING] - Timeout '0' is invalid. Using default page load timeout: '120'

2023-07-18 16:20:49 - [MESSAGE][PASSED] - Tapped on element 'Object Repository/TESTPENUGASAN/android.Penugasan.Button.Question8.CameraButton.Shutter(PU)'

2023-07-18 16:20:49 - [TEST_STEP][PASSED] - delay(2, STOP_ON_FAILURE): Delayed 2 second(s)

2023-07-18 16:20:51 - [MESSAGE][PASSED] - Delayed 2 second(s)

2023-07-18 16:20:51 - [TEST_STEP][PASSED] - tap(findTestObject("Object Repository/TESTPENUGASAN/android.Penugasan.Button.Question8.CameraButton.Checklist(PU)"), 0): Tapped on element 'Object Repository/TESTPENUGASAN/android.Penugasan.Button.Question8.CameraButton.Checklist(PU)'

2023-07-18 16:20:51 - [MESSAGE][WARNING] - Timeout '0' is invalid. Using default page load timeout: '120'

2023-07-18 16:20:53 - [MESSAGE][PASSED] - Tapped on element 'Object Repository/TESTPENUGASAN/android.Penugasan.Button.Question8.CameraButton.Checklist(PU)'

2023-07-18 16:20:53 - [TEST_STEP][PASSED] - delay(2, STOP_ON_FAILURE): Delayed 2 second(s)

2023-07-18 16:20:55 - [MESSAGE][PASSED] - Delayed 2 second(s)

2023-07-18 16:20:55 - [TEST_STEP][PASSED] - tap(findTestObject("Object Repository/TESTPENUGASAN/android.Penugasan.Button.Question9(PU)"), 0): Tapped on element 'Object Repository/TESTPENUGASAN/android.Penugasan.Button.Question9(PU)'

2023-07-18 16:20:56 - [MESSAGE][WARNING] - Timeout '0' is invalid. Using default page load timeout: '120'

2023-07-18 16:20:57 - [MESSAGE][PASSED] - Tapped on element 'Object Repository/TESTPENUGASAN/android.Penugasan.Button.Question9(PU)'

2023-07-18 16:20:57 - [TEST_STEP][PASSED] - tap(findTestObject("Object Repository/TESTPENUGASAN/android.Penugasan.Button.Question9.DDL(PU)"), 0): Tapped on element 'Object Repository/TESTPENUGASAN/android.Penugasan.Button.Question9.DDL(PU)'

2023-07-18 16:20:57 - [MESSAGE][WARNING] - Timeout '0' is invalid. Using default page load timeout: '120'

2023-07-18 16:20:58 - [MESSAGE][PASSED] - Tapped on element 'Object Repository/TESTPENUGASAN/android.Penugasan.Button.Question9.DDL(PU)'

2023-07-18 16:20:58 - [TEST_STEP][PASSED] - delay(2, STOP_ON_FAILURE): Delayed 2 second(s)

2023-07-18 16:21:00 - [MESSAGE][PASSED] - Delayed 2 second(s)

2023-07-18 16:21:00 - [TEST_STEP][PASSED] - tap(findTestObject("Object Repository/TESTPENUGASAN/android.Penugasan.Button.Question10(PU).Nomor Telepon Aktif Konsumen"), 0): Tapped on element 'Object Repository/TESTPENUGASAN/android.Penugasan.Button.Question10(PU).Nomor Telepon Aktif Konsumen'

2023-07-18 16:21:00 - [MESSAGE][WARNING] - Timeout '0' is invalid. Using default page load timeout: '120'

2023-07-18 16:21:01 - [MESSAGE][PASSED] - Tapped on element 'Object Repository/TESTPENUGASAN/android.Penugasan.Button.Question10(PU).Nomor Telepon Aktif Konsumen'

2023-07-18 16:21:01 - [TEST_STEP][PASSED] - hideKeyboard(): Keyboard is hidden

2023-07-18 16:21:03 - [MESSAGE][PASSED] - Keyboard is hidden

2023-07-18 16:21:03 - [TEST_STEP][PASSED] - sendKeys(findTestObject("Object Repository/TESTPENUGASAN/android.Penugasan.Button.Question10(PU).Nomor Telepon Aktif Konsumen"), "0818072023"): Send keys '0818072023' on test object 'Object Repository/TESTPENUGASAN/android.Penugasan.Button.Question10(PU).Nomor Telepon Aktif Konsumen' successfully.

2023-07-18 16:21:04 - [MESSAGE][PASSED] - Send keys '0818072023' on test object 'Object Repository/TESTPENUGASAN/android.Penugasan.Button.Question10(PU).Nomor Telepon Aktif Konsumen' successfully.

2023-07-18 16:21:04 - [TEST_STEP][PASSED] - hideKeyboard(): Keyboard is hidden

2023-07-18 16:21:06 - [MESSAGE][PASSED] - Keyboard is hidden

2023-07-18 16:21:06 - [TEST_STEP][PASSED] - tap(findTestObject("Object Repository/TESTPENUGASAN/android.Penugasan.Button.Question11(PU).KronologiSingkat"), 0): Tapped on element 'Object Repository/TESTPENUGASAN/android.Penugasan.Button.Question11(PU).KronologiSingkat'

2023-07-18 16:21:06 - [MESSAGE][WARNING] - Timeout '0' is invalid. Using default page load timeout: '120'

2023-07-18 16:21:08 - [MESSAGE][PASSED] - Tapped on element 'Object Repository/TESTPENUGASAN/android.Penugasan.Button.Question11(PU).KronologiSingkat'

2023-07-18 16:21:08 - [TEST_STEP][PASSED] - hideKeyboard(): Keyboard is hidden

2023-07-18 16:21:10 - [MESSAGE][PASSED] - Keyboard is hidden

2023-07-18 16:21:10 - [TEST_STEP][PASSED] - sendKeys(findTestObject("Object Repository/TESTPENUGASAN/android.Penugasan.Button.Question11(PU).KronologiSingkat(Input)"), "automation 18072023"): Send keys 'automation 18072023' on test object 'Object Repository/TESTPENUGASAN/android.Penugasan.Button.Question11(PU).KronologiSingkat(Input)' successfully.

2023-07-18 16:21:11 - [MESSAGE][PASSED] - Send keys 'automation 18072023' on test object 'Object Repository/TESTPENUGASAN/android.Penugasan.Button.Question11(PU).KronologiSingkat(Input)' successfully.

2023-07-18 16:21:11 - [TEST_STEP][PASSED] - hideKeyboard(): Keyboard is hidden

2023-07-18 16:21:13 - [MESSAGE][PASSED] - Keyboard is hidden

2023-07-18 16:21:13 - [TEST_STEP][PASSED] - delay(0.5, STOP_ON_FAILURE): Delayed 0.5 second(s)

2023-07-18 16:21:13 - [MESSAGE][PASSED] - Delayed 0.5 second(s)

2023-07-18 16:21:13 - [TEST_STEP][PASSED] - tap(findTestObject("androidButtons/FMUI(DEV)/penugasanPage/android.Penugasan.Button.Submit"), 0): Tapped on element 'Object Repository/androidButtons/FMUI(DEV)/penugasanPage/android.Penugasan.Button.Submit'

2023-07-18 16:21:13 - [MESSAGE][WARNING] - Timeout '0' is invalid. Using default page load timeout: '120'

2023-07-18 16:21:14 - [MESSAGE][PASSED] - Tapped on element 'Object Repository/androidButtons/FMUI(DEV)/penugasanPage/android.Penugasan.Button.Submit']]></system-out>
         <system-err><![CDATA[]]></system-err>
      </testcase>
      <system-out><![CDATA[2023-07-18 16:18:24 - [TEST_SUITE][PASSED] - PenugasanSubmit(PickUpUnit): Test Cases/APKDEV(FMUI)/Penugasan/PenugasanTimsusOrReguler_PenyerahanUnitSukarela]]></system-out>
      <system-err><![CDATA[]]></system-err>
   </testsuite>
</testsuites>
