<?xml version="1.0" encoding="UTF-8"?>
<testsuites name="PenugasanSubmit(PickUpUnit)" time="158.888" tests="4" failures="0" errors="0">
   <testsuite name="PenugasanSubmit(PickUpUnit)" tests="4" failures="0" errors="0" time="158.888" skipped="0" timestamp="2023-07-18 15:30:42" hostname="User - BHAGAS-PKP" id="Test Suites/APKDEV(FMUI)/Penugasan(RegulerOrTimsus)/PenugasanSubmit(PickUpUnit)">
      <properties>
         <property name="deviceName" value="Xiaomi M2103K19PG (Android 12)"/>
         <property name="devicePlatform" value=""/>
         <property name="logFolder" value="C:\\Users\\User\\Katalon Studio\\Spartan Gym Test\\Reports\\20230718_153021\\APKDEV(FMUI)\\Penugasan(RegulerOrTimsus)\\PenugasanSubmit(PickUpUnit)\\20230718_153021"/>
         <property name="logFiles" value="C:\\Users\\User\\Katalon Studio\\Spartan Gym Test\\Reports\\20230718_153021\\APKDEV(FMUI)\\Penugasan(RegulerOrTimsus)\\PenugasanSubmit(PickUpUnit)\\20230718_153021\\appium.log, C:\\Users\\User\\Katalon Studio\\Spartan Gym Test\\Reports\\20230718_153021\\APKDEV(FMUI)\\Penugasan(RegulerOrTimsus)\\PenugasanSubmit(PickUpUnit)\\20230718_153021\\execution0.log"/>
         <property name="attachments" value=""/>
         <property name="hostName" value="User - BHAGAS-PKP"/>
         <property name="os" value="Windows 10 64bit"/>
         <property name="appiumServerStatus" value="{&quot;value&quot;:{&quot;build&quot;:{&quot;version&quot;:&quot;1.22.0&quot;}},&quot;sessionId&quot;:null,&quot;status&quot;:0}"/>
         <property name="katalonVersion" value="8.6.0.208"/>
         <property name="deviceOS" value="Android"/>
         <property name="appiumVersion" value="1.22.0"/>
         <property name="deviceModel" value="M2103K19PG"/>
         <property name="hostAddress" value="10.30.6.81"/>
         <property name="deviceManufacturer" value="Xiaomi"/>
         <property name="deviceId" value="aihykrce5lrgzhxg"/>
         <property name="deviceName" value="Xiaomi M2103K19PG (Android 12)"/>
         <property name="deviceOSVersion" value="12"/>
      </properties>
      <testcase name="Test Cases/APKDEV(FMUI)/androidLogin(DEV)" time="38.329" classname="Test Cases/APKDEV(FMUI)/androidLogin(DEV)" status="PASSED">
         <system-out><![CDATA[2023-07-18 15:30:42 - [TEST_CASE][PASSED] - Test Cases/APKDEV(FMUI)/androidLogin(DEV): Test Cases/APKDEV(FMUI)/androidLogin(DEV)

2023-07-18 15:30:43 - [TEST_STEP][PASSED] - startExistingApplication("pkp.mobile.fmui", STOP_ON_FAILURE): Starting app with application ID: 'pkp.mobile.fmui'

2023-07-18 15:30:44 - [MESSAGE][INFO] - Detected NodeJS location: "C:\Program Files\nodejs\node.exe"

2023-07-18 15:30:46 - [MESSAGE][INFO] - Appium server started on port 61,923

2023-07-18 15:31:07 - [MESSAGE][PASSED] - Starting app with application ID: 'pkp.mobile.fmui'

2023-07-18 15:31:07 - [TEST_STEP][PASSED] - tap(findTestObject("androidButtons/FMUI(DEV)/loginPage/android.loginPage.Field.Username"), 0): Tapped on element 'Object Repository/androidButtons/FMUI(DEV)/loginPage/android.loginPage.Field.Username'

2023-07-18 15:31:09 - [MESSAGE][WARNING] - Timeout '0' is invalid. Using default page load timeout: '120'

2023-07-18 15:31:10 - [MESSAGE][PASSED] - Tapped on element 'Object Repository/androidButtons/FMUI(DEV)/loginPage/android.loginPage.Field.Username'

2023-07-18 15:31:10 - [TEST_STEP][PASSED] - driver = getDriver(): null

2023-07-18 15:31:10 - [TEST_STEP][PASSED] - getKeyboard().sendKeys("mitra130323"): null

2023-07-18 15:31:11 - [TEST_STEP][PASSED] - hideKeyboard(): Keyboard is hidden

2023-07-18 15:31:14 - [MESSAGE][PASSED] - Keyboard is hidden

2023-07-18 15:31:14 - [TEST_STEP][PASSED] - tap(findTestObject("androidButtons/FMUI(DEV)/loginPage/android.loginPage.Field.Password"), 0): Tapped on element 'Object Repository/androidButtons/FMUI(DEV)/loginPage/android.loginPage.Field.Password'

2023-07-18 15:31:15 - [MESSAGE][WARNING] - Timeout '0' is invalid. Using default page load timeout: '120'

2023-07-18 15:31:16 - [MESSAGE][PASSED] - Tapped on element 'Object Repository/androidButtons/FMUI(DEV)/loginPage/android.loginPage.Field.Password'

2023-07-18 15:31:16 - [TEST_STEP][PASSED] - getKeyboard().sendKeys("1234Qwer"): null

2023-07-18 15:31:17 - [TEST_STEP][PASSED] - hideKeyboard(): Keyboard is hidden

2023-07-18 15:31:20 - [MESSAGE][PASSED] - Keyboard is hidden

2023-07-18 15:31:20 - [TEST_STEP][PASSED] - tap(findTestObject("androidButtons/FMUI(DEV)/loginPage/androidButtonLogin"), 2): Tapped on element 'Object Repository/androidButtons/FMUI(DEV)/loginPage/androidButtonLogin'

2023-07-18 15:31:21 - [MESSAGE][PASSED] - Tapped on element 'Object Repository/androidButtons/FMUI(DEV)/loginPage/androidButtonLogin']]></system-out>
         <system-err><![CDATA[]]></system-err>
      </testcase>
      <testcase name="Test Cases/APKDEV(FMUI)/Penugasan/PenugasanSyncTask" time="26.345" classname="Test Cases/APKDEV(FMUI)/Penugasan/PenugasanSyncTask" status="PASSED">
         <system-out><![CDATA[2023-07-18 15:31:21 - [TEST_CASE][PASSED] - Test Cases/APKDEV(FMUI)/Penugasan/PenugasanSyncTask: Test Cases/APKDEV(FMUI)/Penugasan/PenugasanSyncTask

2023-07-18 15:31:22 - [TEST_STEP][PASSED] - tap(findTestObject("androidButtons/FMUI(DEV)/homePage/androidButtonProfile"), 0): Tapped on element 'Object Repository/androidButtons/FMUI(DEV)/homePage/androidButtonProfile'

2023-07-18 15:31:22 - [MESSAGE][WARNING] - Timeout '0' is invalid. Using default page load timeout: '120'

2023-07-18 15:31:40 - [MESSAGE][PASSED] - Tapped on element 'Object Repository/androidButtons/FMUI(DEV)/homePage/androidButtonProfile'

2023-07-18 15:31:40 - [TEST_STEP][PASSED] - verifyElementVisible(findTestObject("android.Page.ProfileView"), 0): Element 'Object Repository/android.Page.ProfileView' is visible

2023-07-18 15:31:40 - [MESSAGE][WARNING] - Timeout '0' is invalid. Using default page load timeout: '120'

2023-07-18 15:31:41 - [MESSAGE][PASSED] - Element 'Object Repository/android.Page.ProfileView' is visible

2023-07-18 15:31:41 - [TEST_STEP][PASSED] - tap(findTestObject("androidButtons/FMUI(DEV)/profilePage/android.profilePage.ButtonSyncTask"), 0): Tapped on element 'Object Repository/androidButtons/FMUI(DEV)/profilePage/android.profilePage.ButtonSyncTask'

2023-07-18 15:31:41 - [MESSAGE][WARNING] - Timeout '0' is invalid. Using default page load timeout: '120'

2023-07-18 15:31:42 - [MESSAGE][PASSED] - Tapped on element 'Object Repository/androidButtons/FMUI(DEV)/profilePage/android.profilePage.ButtonSyncTask'

2023-07-18 15:31:42 - [TEST_STEP][PASSED] - delay(5, STOP_ON_FAILURE): Delayed 5 second(s)

2023-07-18 15:31:47 - [MESSAGE][PASSED] - Delayed 5 second(s)]]></system-out>
         <system-err><![CDATA[]]></system-err>
      </testcase>
      <testcase name="Test Cases/APKDEV(FMUI)/Penugasan/Penugasan_SampaiDraft" time="21.974" classname="Test Cases/APKDEV(FMUI)/Penugasan/Penugasan_SampaiDraft" status="PASSED">
         <system-out><![CDATA[2023-07-18 15:31:47 - [TEST_CASE][PASSED] - Test Cases/APKDEV(FMUI)/Penugasan/Penugasan_SampaiDraft: Test Cases/APKDEV(FMUI)/Penugasan/Penugasan_SampaiDraft

2023-07-18 15:31:48 - [TEST_STEP][PASSED] - delay(2, STOP_ON_FAILURE): Delayed 2 second(s)

2023-07-18 15:31:50 - [MESSAGE][PASSED] - Delayed 2 second(s)

2023-07-18 15:31:50 - [TEST_STEP][PASSED] - verifyElementVisible(findTestObject("android.Page.ProfileView"), 3): Element 'Object Repository/android.Page.ProfileView' is visible

2023-07-18 15:31:50 - [MESSAGE][PASSED] - Element 'Object Repository/android.Page.ProfileView' is visible

2023-07-18 15:31:50 - [TEST_STEP][PASSED] - delay(5, STOP_ON_FAILURE): Delayed 5 second(s)

2023-07-18 15:31:55 - [MESSAGE][PASSED] - Delayed 5 second(s)

2023-07-18 15:31:55 - [TEST_STEP][PASSED] - tap(findTestObject("androidButtonMenu"), 0): Tapped on element 'Object Repository/androidButtonMenu'

2023-07-18 15:31:55 - [MESSAGE][WARNING] - Timeout '0' is invalid. Using default page load timeout: '120'

2023-07-18 15:31:56 - [MESSAGE][PASSED] - Tapped on element 'Object Repository/androidButtonMenu'

2023-07-18 15:31:56 - [TEST_STEP][PASSED] - tap(findTestObject("androidButtons/FMUI(DEV)/menuPage/android.menuPage.Button.Penugasan"), 0): Tapped on element 'Object Repository/androidButtons/FMUI(DEV)/menuPage/android.menuPage.Button.Penugasan'

2023-07-18 15:31:57 - [MESSAGE][WARNING] - Timeout '0' is invalid. Using default page load timeout: '120'

2023-07-18 15:31:58 - [MESSAGE][PASSED] - Tapped on element 'Object Repository/androidButtons/FMUI(DEV)/menuPage/android.menuPage.Button.Penugasan'

2023-07-18 15:31:58 - [TEST_STEP][PASSED] - tap(findTestObject("androidButtons/FMUI(DEV)/penugasanPage/android.Penugasan.Button.cardPenugasan"), 0): Tapped on element 'Object Repository/androidButtons/FMUI(DEV)/penugasanPage/android.Penugasan.Button.cardPenugasan'

2023-07-18 15:31:58 - [MESSAGE][WARNING] - Timeout '0' is invalid. Using default page load timeout: '120'

2023-07-18 15:32:00 - [MESSAGE][PASSED] - Tapped on element 'Object Repository/androidButtons/FMUI(DEV)/penugasanPage/android.Penugasan.Button.cardPenugasan'

2023-07-18 15:32:00 - [TEST_STEP][PASSED] - tap(findTestObject("androidButtons/FMUI(DEV)/penugasanPage/android.Penugasan.Button.Selanjutnya"), 0): Tapped on element 'Object Repository/androidButtons/FMUI(DEV)/penugasanPage/android.Penugasan.Button.Selanjutnya'

2023-07-18 15:32:00 - [MESSAGE][WARNING] - Timeout '0' is invalid. Using default page load timeout: '120'

2023-07-18 15:32:01 - [MESSAGE][PASSED] - Tapped on element 'Object Repository/androidButtons/FMUI(DEV)/penugasanPage/android.Penugasan.Button.Selanjutnya'

2023-07-18 15:32:01 - [TEST_STEP][PASSED] - delay(2, STOP_ON_FAILURE): Delayed 2 second(s)

2023-07-18 15:32:03 - [MESSAGE][PASSED] - Delayed 2 second(s)

2023-07-18 15:32:03 - [TEST_STEP][PASSED] - swipe(0, 1926, 0, 1472): Swiped from 0,1,926 to 0,1,472

2023-07-18 15:32:04 - [MESSAGE][PASSED] - Swiped from 0,1,926 to 0,1,472

2023-07-18 15:32:04 - [TEST_STEP][PASSED] - verifyElementExist(findTestObject("androidButtons/FMUI(DEV)/penugasanPage/android.Penugasan.Button.selanjutnyaInformasi"), 3): Element 'Object Repository/androidButtons/FMUI(DEV)/penugasanPage/android.Penugasan.Button.selanjutnyaInformasi' is exist

2023-07-18 15:32:05 - [MESSAGE][PASSED] - Element 'Object Repository/androidButtons/FMUI(DEV)/penugasanPage/android.Penugasan.Button.selanjutnyaInformasi' is exist

2023-07-18 15:32:05 - [TEST_STEP][PASSED] - tap(findTestObject("androidButtons/FMUI(DEV)/penugasanPage/android.Penugasan.Button.selanjutnyaInformasi"), 0): Tapped on element 'Object Repository/androidButtons/FMUI(DEV)/penugasanPage/android.Penugasan.Button.selanjutnyaInformasi'

2023-07-18 15:32:05 - [MESSAGE][WARNING] - Timeout '0' is invalid. Using default page load timeout: '120'

2023-07-18 15:32:06 - [MESSAGE][PASSED] - Tapped on element 'Object Repository/androidButtons/FMUI(DEV)/penugasanPage/android.Penugasan.Button.selanjutnyaInformasi'

2023-07-18 15:32:06 - [TEST_STEP][PASSED] - tap(findTestObject("androidButtons/FMUI(DEV)/penugasanPage/android.Penugasan.Button.back(PojokKananAtas)"), 0): Tapped on element 'Object Repository/androidButtons/FMUI(DEV)/penugasanPage/android.Penugasan.Button.back(PojokKananAtas)'

2023-07-18 15:32:06 - [MESSAGE][WARNING] - Timeout '0' is invalid. Using default page load timeout: '120'

2023-07-18 15:32:07 - [MESSAGE][PASSED] - Tapped on element 'Object Repository/androidButtons/FMUI(DEV)/penugasanPage/android.Penugasan.Button.back(PojokKananAtas)'

2023-07-18 15:32:07 - [TEST_STEP][PASSED] - tap(findTestObject("androidButtons/FMUI(DEV)/penugasanPage/android.Penugasan.Button.back(PojokKananAtas)"), 0): Tapped on element 'Object Repository/androidButtons/FMUI(DEV)/penugasanPage/android.Penugasan.Button.back(PojokKananAtas)'

2023-07-18 15:32:07 - [MESSAGE][WARNING] - Timeout '0' is invalid. Using default page load timeout: '120'

2023-07-18 15:32:08 - [MESSAGE][PASSED] - Tapped on element 'Object Repository/androidButtons/FMUI(DEV)/penugasanPage/android.Penugasan.Button.back(PojokKananAtas)'

2023-07-18 15:32:08 - [TEST_STEP][PASSED] - tap(findTestObject("androidButtons/FMUI(DEV)/penugasanPage/android.Penugasan.popUpPage.yesButton"), 0): Tapped on element 'Object Repository/androidButtons/FMUI(DEV)/penugasanPage/android.Penugasan.popUpPage.yesButton'

2023-07-18 15:32:08 - [MESSAGE][WARNING] - Timeout '0' is invalid. Using default page load timeout: '120'

2023-07-18 15:32:09 - [MESSAGE][PASSED] - Tapped on element 'Object Repository/androidButtons/FMUI(DEV)/penugasanPage/android.Penugasan.popUpPage.yesButton']]></system-out>
         <system-err><![CDATA[]]></system-err>
      </testcase>
      <testcase name="Test Cases/APKDEV(FMUI)/Penugasan/PenugasanTimsusOrReguler_PenyerahanUnitSukarela" time="71.806" classname="Test Cases/APKDEV(FMUI)/Penugasan/PenugasanTimsusOrReguler_PenyerahanUnitSukarela" status="PASSED">
         <system-out><![CDATA[2023-07-18 15:32:09 - [TEST_CASE][PASSED] - Test Cases/APKDEV(FMUI)/Penugasan/PenugasanTimsusOrReguler_PenyerahanUnitSukarela: Test Cases/APKDEV(FMUI)/Penugasan/PenugasanTimsusOrReguler_PenyerahanUnitSukarela

2023-07-18 15:32:10 - [TEST_STEP][PASSED] - delay(2, STOP_ON_FAILURE): Delayed 2 second(s)

2023-07-18 15:32:12 - [MESSAGE][PASSED] - Delayed 2 second(s)

2023-07-18 15:32:12 - [TEST_STEP][PASSED] - tap(findTestObject("androidButtons/FMUI(DEV)/penugasanPage/android.Penugasan.Button.Selanjutnya"), 0): Tapped on element 'Object Repository/androidButtons/FMUI(DEV)/penugasanPage/android.Penugasan.Button.Selanjutnya'

2023-07-18 15:32:12 - [MESSAGE][WARNING] - Timeout '0' is invalid. Using default page load timeout: '120'

2023-07-18 15:32:13 - [MESSAGE][PASSED] - Tapped on element 'Object Repository/androidButtons/FMUI(DEV)/penugasanPage/android.Penugasan.Button.Selanjutnya'

2023-07-18 15:32:13 - [TEST_STEP][PASSED] - delay(2, STOP_ON_FAILURE): Delayed 2 second(s)

2023-07-18 15:32:15 - [MESSAGE][PASSED] - Delayed 2 second(s)

2023-07-18 15:32:15 - [TEST_STEP][PASSED] - swipe(0, 1926, 0, 1472): Swiped from 0,1,926 to 0,1,472

2023-07-18 15:32:16 - [MESSAGE][PASSED] - Swiped from 0,1,926 to 0,1,472

2023-07-18 15:32:16 - [TEST_STEP][PASSED] - delay(1, STOP_ON_FAILURE): Delayed 1 second(s)

2023-07-18 15:32:17 - [MESSAGE][PASSED] - Delayed 1 second(s)

2023-07-18 15:32:17 - [TEST_STEP][PASSED] - tap(findTestObject("androidButtons/FMUI(DEV)/penugasanPage/android.Penugasan.Button.selanjutnyaInformasi"), 0): Tapped on element 'Object Repository/androidButtons/FMUI(DEV)/penugasanPage/android.Penugasan.Button.selanjutnyaInformasi'

2023-07-18 15:32:18 - [MESSAGE][WARNING] - Timeout '0' is invalid. Using default page load timeout: '120'

2023-07-18 15:32:19 - [MESSAGE][PASSED] - Tapped on element 'Object Repository/androidButtons/FMUI(DEV)/penugasanPage/android.Penugasan.Button.selanjutnyaInformasi'

2023-07-18 15:32:19 - [TEST_STEP][PASSED] - tap(findTestObject("Object Repository/androidButtons/FMUI(DEV)/penugasanPage/android.Penugasan.Button.Question1"), 0): Tapped on element 'Object Repository/androidButtons/FMUI(DEV)/penugasanPage/android.Penugasan.Button.Question1'

2023-07-18 15:32:19 - [MESSAGE][WARNING] - Timeout '0' is invalid. Using default page load timeout: '120'

2023-07-18 15:32:19 - [MESSAGE][PASSED] - Tapped on element 'Object Repository/androidButtons/FMUI(DEV)/penugasanPage/android.Penugasan.Button.Question1'

2023-07-18 15:32:19 - [TEST_STEP][PASSED] - tap(findTestObject("Object Repository/androidButtons/FMUI(DEV)/penugasanPage/android.Penugasan.DDL1.List1"), 0): Tapped on element 'Object Repository/androidButtons/FMUI(DEV)/penugasanPage/android.Penugasan.DDL1.List1'

2023-07-18 15:32:20 - [MESSAGE][WARNING] - Timeout '0' is invalid. Using default page load timeout: '120'

2023-07-18 15:32:21 - [MESSAGE][PASSED] - Tapped on element 'Object Repository/androidButtons/FMUI(DEV)/penugasanPage/android.Penugasan.DDL1.List1'

2023-07-18 15:32:21 - [TEST_STEP][PASSED] - tap(findTestObject("Object Repository/androidButtons/FMUI(DEV)/penugasanPage/android.Penugasan.Button.Question2"), 0): Tapped on element 'Object Repository/androidButtons/FMUI(DEV)/penugasanPage/android.Penugasan.Button.Question2'

2023-07-18 15:32:21 - [MESSAGE][WARNING] - Timeout '0' is invalid. Using default page load timeout: '120'

2023-07-18 15:32:22 - [MESSAGE][PASSED] - Tapped on element 'Object Repository/androidButtons/FMUI(DEV)/penugasanPage/android.Penugasan.Button.Question2'

2023-07-18 15:32:22 - [TEST_STEP][PASSED] - tap(findTestObject("Object Repository/androidButtons/FMUI(DEV)/penugasanPage/android.Penugasan.DDL2.List1"), 0): Tapped on element 'Object Repository/androidButtons/FMUI(DEV)/penugasanPage/android.Penugasan.DDL2.List1'

2023-07-18 15:32:22 - [MESSAGE][WARNING] - Timeout '0' is invalid. Using default page load timeout: '120'

2023-07-18 15:32:23 - [MESSAGE][PASSED] - Tapped on element 'Object Repository/androidButtons/FMUI(DEV)/penugasanPage/android.Penugasan.DDL2.List1'

2023-07-18 15:32:23 - [TEST_STEP][PASSED] - tap(findTestObject("Object Repository/androidButtons/FMUI(DEV)/penugasanPage/android.Penugasan.Button.Question3"), 0): Tapped on element 'Object Repository/androidButtons/FMUI(DEV)/penugasanPage/android.Penugasan.Button.Question3'

2023-07-18 15:32:24 - [MESSAGE][WARNING] - Timeout '0' is invalid. Using default page load timeout: '120'

2023-07-18 15:32:25 - [MESSAGE][PASSED] - Tapped on element 'Object Repository/androidButtons/FMUI(DEV)/penugasanPage/android.Penugasan.Button.Question3'

2023-07-18 15:32:25 - [TEST_STEP][PASSED] - tap(findTestObject("Object Repository/androidButtons/FMUI(DEV)/penugasanPage/android.Penugasan.DDL3.List1"), 0): Tapped on element 'Object Repository/androidButtons/FMUI(DEV)/penugasanPage/android.Penugasan.DDL3.List1'

2023-07-18 15:32:25 - [MESSAGE][WARNING] - Timeout '0' is invalid. Using default page load timeout: '120'

2023-07-18 15:32:26 - [MESSAGE][PASSED] - Tapped on element 'Object Repository/androidButtons/FMUI(DEV)/penugasanPage/android.Penugasan.DDL3.List1'

2023-07-18 15:32:26 - [TEST_STEP][PASSED] - tap(findTestObject("Object Repository/TESTPENUGASAN/android.Penugasan.Button.Question4"), 0): Tapped on element 'Object Repository/TESTPENUGASAN/android.Penugasan.Button.Question4'

2023-07-18 15:32:26 - [MESSAGE][WARNING] - Timeout '0' is invalid. Using default page load timeout: '120'

2023-07-18 15:32:27 - [MESSAGE][PASSED] - Tapped on element 'Object Repository/TESTPENUGASAN/android.Penugasan.Button.Question4'

2023-07-18 15:32:27 - [TEST_STEP][PASSED] - tap(findTestObject("Object Repository/TESTPENUGASAN/android.Penugasan.Button.Question4.DDL3(PU)"), 0): Tapped on element 'Object Repository/TESTPENUGASAN/android.Penugasan.Button.Question4.DDL3(PU)'

2023-07-18 15:32:27 - [MESSAGE][WARNING] - Timeout '0' is invalid. Using default page load timeout: '120'

2023-07-18 15:32:29 - [MESSAGE][PASSED] - Tapped on element 'Object Repository/TESTPENUGASAN/android.Penugasan.Button.Question4.DDL3(PU)'

2023-07-18 15:32:29 - [TEST_STEP][PASSED] - delay(2, STOP_ON_FAILURE): Delayed 2 second(s)

2023-07-18 15:32:31 - [MESSAGE][PASSED] - Delayed 2 second(s)

2023-07-18 15:32:31 - [TEST_STEP][PASSED] - swipe(0, 2100, 0, 1730): Swiped from 0,2,100 to 0,1,730

2023-07-18 15:32:32 - [MESSAGE][PASSED] - Swiped from 0,2,100 to 0,1,730

2023-07-18 15:32:32 - [TEST_STEP][PASSED] - delay(2, STOP_ON_FAILURE): Delayed 2 second(s)

2023-07-18 15:32:34 - [MESSAGE][PASSED] - Delayed 2 second(s)

2023-07-18 15:32:34 - [TEST_STEP][PASSED] - delay(2, STOP_ON_FAILURE): Delayed 2 second(s)

2023-07-18 15:32:36 - [MESSAGE][PASSED] - Delayed 2 second(s)

2023-07-18 15:32:36 - [TEST_STEP][PASSED] - tap(findTestObject("Object Repository/TESTPENUGASAN/android.Penugasan.Button.Question5(PU)"), 0): Tapped on element 'Object Repository/TESTPENUGASAN/android.Penugasan.Button.Question5(PU)'

2023-07-18 15:32:36 - [MESSAGE][WARNING] - Timeout '0' is invalid. Using default page load timeout: '120'

2023-07-18 15:32:37 - [MESSAGE][PASSED] - Tapped on element 'Object Repository/TESTPENUGASAN/android.Penugasan.Button.Question5(PU)'

2023-07-18 15:32:37 - [TEST_STEP][PASSED] - tap(findTestObject("Object Repository/TESTPENUGASAN/android.Penugasan.Button.Question5.DDL1(PU)"), 0): Tapped on element 'Object Repository/TESTPENUGASAN/android.Penugasan.Button.Question5.DDL1(PU)'

2023-07-18 15:32:37 - [MESSAGE][WARNING] - Timeout '0' is invalid. Using default page load timeout: '120'

2023-07-18 15:32:38 - [MESSAGE][PASSED] - Tapped on element 'Object Repository/TESTPENUGASAN/android.Penugasan.Button.Question5.DDL1(PU)'

2023-07-18 15:32:38 - [TEST_STEP][PASSED] - delay(2, STOP_ON_FAILURE): Delayed 2 second(s)

2023-07-18 15:32:40 - [MESSAGE][PASSED] - Delayed 2 second(s)

2023-07-18 15:32:40 - [TEST_STEP][PASSED] - tap(findTestObject("Object Repository/TESTPENUGASAN/android.Penugasan.Button.Question6(PU)"), 0): Tapped on element 'Object Repository/TESTPENUGASAN/android.Penugasan.Button.Question6(PU)'

2023-07-18 15:32:40 - [MESSAGE][WARNING] - Timeout '0' is invalid. Using default page load timeout: '120'

2023-07-18 15:32:41 - [MESSAGE][PASSED] - Tapped on element 'Object Repository/TESTPENUGASAN/android.Penugasan.Button.Question6(PU)'

2023-07-18 15:32:41 - [TEST_STEP][PASSED] - tap(findTestObject("androidButtons/FMUI(DEV)/penugasanPage/android.Penugasan.Button.OKDatePicker.Question6"), 0): Tapped on element 'Object Repository/androidButtons/FMUI(DEV)/penugasanPage/android.Penugasan.Button.OKDatePicker.Question6'

2023-07-18 15:32:41 - [MESSAGE][WARNING] - Timeout '0' is invalid. Using default page load timeout: '120'

2023-07-18 15:32:42 - [MESSAGE][PASSED] - Tapped on element 'Object Repository/androidButtons/FMUI(DEV)/penugasanPage/android.Penugasan.Button.OKDatePicker.Question6'

2023-07-18 15:32:42 - [TEST_STEP][PASSED] - delay(2, STOP_ON_FAILURE): Delayed 2 second(s)

2023-07-18 15:32:44 - [MESSAGE][PASSED] - Delayed 2 second(s)

2023-07-18 15:32:44 - [TEST_STEP][PASSED] - tap(findTestObject("Object Repository/TESTPENUGASAN/android.Penugasan.Button.Question7(PU)"), 0): Tapped on element 'Object Repository/TESTPENUGASAN/android.Penugasan.Button.Question7(PU)'

2023-07-18 15:32:44 - [MESSAGE][WARNING] - Timeout '0' is invalid. Using default page load timeout: '120'

2023-07-18 15:32:45 - [MESSAGE][PASSED] - Tapped on element 'Object Repository/TESTPENUGASAN/android.Penugasan.Button.Question7(PU)'

2023-07-18 15:32:45 - [TEST_STEP][PASSED] - tap(findTestObject("Object Repository/TESTPENUGASAN/android.Penugasan.Button.Question7.DDL1(PU)"), 0): Tapped on element 'Object Repository/TESTPENUGASAN/android.Penugasan.Button.Question7.DDL1(PU)'

2023-07-18 15:32:45 - [MESSAGE][WARNING] - Timeout '0' is invalid. Using default page load timeout: '120'

2023-07-18 15:32:46 - [MESSAGE][PASSED] - Tapped on element 'Object Repository/TESTPENUGASAN/android.Penugasan.Button.Question7.DDL1(PU)'

2023-07-18 15:32:46 - [TEST_STEP][PASSED] - tap(findTestObject("Object Repository/TESTPENUGASAN/android.Penugasan.Button.Question8(PU)"), 0): Tapped on element 'Object Repository/TESTPENUGASAN/android.Penugasan.Button.Question8(PU)'

2023-07-18 15:32:47 - [MESSAGE][WARNING] - Timeout '0' is invalid. Using default page load timeout: '120'

2023-07-18 15:32:48 - [MESSAGE][PASSED] - Tapped on element 'Object Repository/TESTPENUGASAN/android.Penugasan.Button.Question8(PU)'

2023-07-18 15:32:48 - [TEST_STEP][PASSED] - delay(2, STOP_ON_FAILURE): Delayed 2 second(s)

2023-07-18 15:32:50 - [MESSAGE][PASSED] - Delayed 2 second(s)

2023-07-18 15:32:50 - [TEST_STEP][PASSED] - delay(2, STOP_ON_FAILURE): Delayed 2 second(s)

2023-07-18 15:32:52 - [MESSAGE][PASSED] - Delayed 2 second(s)

2023-07-18 15:32:52 - [TEST_STEP][PASSED] - tap(findTestObject("Object Repository/TESTPENUGASAN/android.Penugasan.Button.Question8.CameraButton(PU)"), 0): Tapped on element 'Object Repository/TESTPENUGASAN/android.Penugasan.Button.Question8.CameraButton(PU)'

2023-07-18 15:32:52 - [MESSAGE][WARNING] - Timeout '0' is invalid. Using default page load timeout: '120'

2023-07-18 15:32:52 - [MESSAGE][PASSED] - Tapped on element 'Object Repository/TESTPENUGASAN/android.Penugasan.Button.Question8.CameraButton(PU)'

2023-07-18 15:32:52 - [TEST_STEP][PASSED] - delay(2, STOP_ON_FAILURE): Delayed 2 second(s)

2023-07-18 15:32:54 - [MESSAGE][PASSED] - Delayed 2 second(s)

2023-07-18 15:32:54 - [TEST_STEP][PASSED] - tap(findTestObject("Object Repository/TESTPENUGASAN/android.Penugasan.Button.Question8.CameraButton.Shutter(PU)"), 0): Tapped on element 'Object Repository/TESTPENUGASAN/android.Penugasan.Button.Question8.CameraButton.Shutter(PU)'

2023-07-18 15:32:54 - [MESSAGE][WARNING] - Timeout '0' is invalid. Using default page load timeout: '120'

2023-07-18 15:32:55 - [MESSAGE][PASSED] - Tapped on element 'Object Repository/TESTPENUGASAN/android.Penugasan.Button.Question8.CameraButton.Shutter(PU)'

2023-07-18 15:32:55 - [TEST_STEP][PASSED] - delay(2, STOP_ON_FAILURE): Delayed 2 second(s)

2023-07-18 15:32:57 - [MESSAGE][PASSED] - Delayed 2 second(s)

2023-07-18 15:32:57 - [TEST_STEP][PASSED] - tap(findTestObject("Object Repository/TESTPENUGASAN/android.Penugasan.Button.Question8.CameraButton.Checklist(PU)"), 0): Tapped on element 'Object Repository/TESTPENUGASAN/android.Penugasan.Button.Question8.CameraButton.Checklist(PU)'

2023-07-18 15:32:57 - [MESSAGE][WARNING] - Timeout '0' is invalid. Using default page load timeout: '120'

2023-07-18 15:33:00 - [MESSAGE][PASSED] - Tapped on element 'Object Repository/TESTPENUGASAN/android.Penugasan.Button.Question8.CameraButton.Checklist(PU)'

2023-07-18 15:33:00 - [TEST_STEP][PASSED] - delay(2, STOP_ON_FAILURE): Delayed 2 second(s)

2023-07-18 15:33:02 - [MESSAGE][PASSED] - Delayed 2 second(s)

2023-07-18 15:33:02 - [TEST_STEP][PASSED] - tap(findTestObject("Object Repository/TESTPENUGASAN/android.Penugasan.Button.Question9(PU)"), 0): Tapped on element 'Object Repository/TESTPENUGASAN/android.Penugasan.Button.Question9(PU)'

2023-07-18 15:33:02 - [MESSAGE][WARNING] - Timeout '0' is invalid. Using default page load timeout: '120'

2023-07-18 15:33:03 - [MESSAGE][PASSED] - Tapped on element 'Object Repository/TESTPENUGASAN/android.Penugasan.Button.Question9(PU)'

2023-07-18 15:33:03 - [TEST_STEP][PASSED] - tap(findTestObject("Object Repository/TESTPENUGASAN/android.Penugasan.Button.Question9.DDL(PU)"), 0): Tapped on element 'Object Repository/TESTPENUGASAN/android.Penugasan.Button.Question9.DDL(PU)'

2023-07-18 15:33:03 - [MESSAGE][WARNING] - Timeout '0' is invalid. Using default page load timeout: '120'

2023-07-18 15:33:04 - [MESSAGE][PASSED] - Tapped on element 'Object Repository/TESTPENUGASAN/android.Penugasan.Button.Question9.DDL(PU)'

2023-07-18 15:33:04 - [TEST_STEP][PASSED] - delay(2, STOP_ON_FAILURE): Delayed 2 second(s)

2023-07-18 15:33:06 - [MESSAGE][PASSED] - Delayed 2 second(s)

2023-07-18 15:33:06 - [TEST_STEP][PASSED] - tap(findTestObject("Object Repository/TESTPENUGASAN/android.Penugasan.Button.Question10(PU).Nomor Telepon Aktif Konsumen"), 0): Tapped on element 'Object Repository/TESTPENUGASAN/android.Penugasan.Button.Question10(PU).Nomor Telepon Aktif Konsumen'

2023-07-18 15:33:07 - [MESSAGE][WARNING] - Timeout '0' is invalid. Using default page load timeout: '120'

2023-07-18 15:33:07 - [MESSAGE][PASSED] - Tapped on element 'Object Repository/TESTPENUGASAN/android.Penugasan.Button.Question10(PU).Nomor Telepon Aktif Konsumen'

2023-07-18 15:33:07 - [TEST_STEP][PASSED] - hideKeyboard(): Keyboard is hidden

2023-07-18 15:33:09 - [MESSAGE][PASSED] - Keyboard is hidden

2023-07-18 15:33:09 - [TEST_STEP][PASSED] - sendKeys(findTestObject("Object Repository/TESTPENUGASAN/android.Penugasan.Button.Question10(PU).Nomor Telepon Aktif Konsumen"), "0818072023"): Send keys '0818072023' on test object 'Object Repository/TESTPENUGASAN/android.Penugasan.Button.Question10(PU).Nomor Telepon Aktif Konsumen' successfully.

2023-07-18 15:33:10 - [MESSAGE][PASSED] - Send keys '0818072023' on test object 'Object Repository/TESTPENUGASAN/android.Penugasan.Button.Question10(PU).Nomor Telepon Aktif Konsumen' successfully.

2023-07-18 15:33:10 - [TEST_STEP][PASSED] - hideKeyboard(): Keyboard is hidden

2023-07-18 15:33:12 - [MESSAGE][PASSED] - Keyboard is hidden

2023-07-18 15:33:12 - [TEST_STEP][PASSED] - tap(findTestObject("Object Repository/TESTPENUGASAN/android.Penugasan.Button.Question11(PU).KronologiSingkat"), 0): Tapped on element 'Object Repository/TESTPENUGASAN/android.Penugasan.Button.Question11(PU).KronologiSingkat'

2023-07-18 15:33:12 - [MESSAGE][WARNING] - Timeout '0' is invalid. Using default page load timeout: '120'

2023-07-18 15:33:14 - [MESSAGE][PASSED] - Tapped on element 'Object Repository/TESTPENUGASAN/android.Penugasan.Button.Question11(PU).KronologiSingkat'

2023-07-18 15:33:14 - [TEST_STEP][PASSED] - hideKeyboard(): Keyboard is hidden

2023-07-18 15:33:15 - [MESSAGE][PASSED] - Keyboard is hidden

2023-07-18 15:33:15 - [TEST_STEP][PASSED] - sendKeys(findTestObject("Object Repository/TESTPENUGASAN/android.Penugasan.Button.Question11(PU).KronologiSingkat(Input)"), "automation 18072023"): Send keys 'automation 18072023' on test object 'Object Repository/TESTPENUGASAN/android.Penugasan.Button.Question11(PU).KronologiSingkat(Input)' successfully.

2023-07-18 15:33:17 - [MESSAGE][PASSED] - Send keys 'automation 18072023' on test object 'Object Repository/TESTPENUGASAN/android.Penugasan.Button.Question11(PU).KronologiSingkat(Input)' successfully.

2023-07-18 15:33:17 - [TEST_STEP][PASSED] - hideKeyboard(): Keyboard is hidden

2023-07-18 15:33:19 - [MESSAGE][PASSED] - Keyboard is hidden

2023-07-18 15:33:19 - [TEST_STEP][PASSED] - delay(0.5, STOP_ON_FAILURE): Delayed 0.5 second(s)

2023-07-18 15:33:20 - [MESSAGE][PASSED] - Delayed 0.5 second(s)

2023-07-18 15:33:20 - [TEST_STEP][PASSED] - tap(findTestObject("androidButtons/FMUI(DEV)/penugasanPage/android.Penugasan.Button.Submit"), 0): Tapped on element 'Object Repository/androidButtons/FMUI(DEV)/penugasanPage/android.Penugasan.Button.Submit'

2023-07-18 15:33:20 - [MESSAGE][WARNING] - Timeout '0' is invalid. Using default page load timeout: '120'

2023-07-18 15:33:21 - [MESSAGE][PASSED] - Tapped on element 'Object Repository/androidButtons/FMUI(DEV)/penugasanPage/android.Penugasan.Button.Submit']]></system-out>
         <system-err><![CDATA[]]></system-err>
      </testcase>
      <system-out><![CDATA[2023-07-18 15:30:42 - [TEST_SUITE][PASSED] - PenugasanSubmit(PickUpUnit): Test Cases/APKDEV(FMUI)/Penugasan/PenugasanTimsusOrReguler_PenyerahanUnitSukarela]]></system-out>
      <system-err><![CDATA[]]></system-err>
   </testsuite>
</testsuites>
